2025-09-08T20:17:42.642+03:00  INFO 35847 --- [vehiclepark-core] [restartedMain] r.f.VehiclePark.VehicleParkApplication   : Starting VehicleParkApplication using Java 21.0.4 with PID 35847 (/home/fisher48/IdeaProjects/VehiclePark/VehiclePark-core/target/classes started by fisher48 in /home/fisher48/IdeaProjects/VehiclePark)
2025-09-08T20:17:42.661+03:00  INFO 35847 --- [vehiclepark-core] [restartedMain] r.f.VehiclePark.VehicleParkApplication   : No active profile set, falling back to 1 default profile: "default"
2025-09-08T20:17:42.749+03:00  INFO 35847 --- [vehiclepark-core] [restartedMain] o.s.b.devtools.restart.ChangeableUrls    : The Class-Path manifest attribute in /home/fisher48/.m2/repository/org/glassfish/jaxb/jaxb-runtime/2.3.1/jaxb-runtime-2.3.1.jar referenced one or more files that do not exist: file:/home/fisher48/.m2/repository/org/glassfish/jaxb/jaxb-runtime/2.3.1/jaxb-api-2.3.1.jar,file:/home/fisher48/.m2/repository/org/glassfish/jaxb/jaxb-runtime/2.3.1/txw2-2.3.1.jar,file:/home/fisher48/.m2/repository/org/glassfish/jaxb/jaxb-runtime/2.3.1/istack-commons-runtime-3.0.7.jar,file:/home/fisher48/.m2/repository/org/glassfish/jaxb/jaxb-runtime/2.3.1/stax-ex-1.8.jar,file:/home/fisher48/.m2/repository/org/glassfish/jaxb/jaxb-runtime/2.3.1/FastInfoset-1.2.15.jar,file:/home/fisher48/.m2/repository/org/glassfish/jaxb/jaxb-runtime/2.3.1/javax.activation-api-1.2.0.jar
2025-09-08T20:17:42.749+03:00  INFO 35847 --- [vehiclepark-core] [restartedMain] .e.DevToolsPropertyDefaultsPostProcessor : Devtools property defaults active! Set 'spring.devtools.add-properties' to 'false' to disable
2025-09-08T20:17:42.750+03:00  INFO 35847 --- [vehiclepark-core] [restartedMain] .e.DevToolsPropertyDefaultsPostProcessor : For additional web related logging consider setting the 'logging.level.web' property to 'DEBUG'
2025-09-08T20:17:44.444+03:00  INFO 35847 --- [vehiclepark-core] [restartedMain] .s.d.r.c.RepositoryConfigurationDelegate : Bootstrapping Spring Data JPA repositories in DEFAULT mode.
2025-09-08T20:17:44.680+03:00  INFO 35847 --- [vehiclepark-core] [restartedMain] .s.d.r.c.RepositoryConfigurationDelegate : Finished Spring Data repository scanning in 226 ms. Found 8 JPA repository interfaces.
2025-09-08T20:17:46.097+03:00  INFO 35847 --- [vehiclepark-core] [restartedMain] o.s.b.w.embedded.tomcat.TomcatWebServer  : Tomcat initialized with port 8888 (http)
2025-09-08T20:17:46.115+03:00  INFO 35847 --- [vehiclepark-core] [restartedMain] o.apache.catalina.core.StandardService   : Starting service [Tomcat]
2025-09-08T20:17:46.116+03:00  INFO 35847 --- [vehiclepark-core] [restartedMain] o.apache.catalina.core.StandardEngine    : Starting Servlet engine: [Apache Tomcat/10.1.31]
2025-09-08T20:17:46.172+03:00  INFO 35847 --- [vehiclepark-core] [restartedMain] o.a.c.c.C.[Tomcat].[localhost].[/]       : Initializing Spring embedded WebApplicationContext
2025-09-08T20:17:46.172+03:00  INFO 35847 --- [vehiclepark-core] [restartedMain] w.s.c.ServletWebServerApplicationContext : Root WebApplicationContext: initialization completed in 3421 ms
2025-09-08T20:17:46.449+03:00  INFO 35847 --- [vehiclepark-core] [restartedMain] com.zaxxer.hikari.HikariDataSource       : HikariPool-1 - Starting...
2025-09-08T20:17:46.895+03:00  INFO 35847 --- [vehiclepark-core] [restartedMain] com.zaxxer.hikari.pool.HikariPool        : HikariPool-1 - Added connection org.postgresql.jdbc.PgConnection@4baf7dba
2025-09-08T20:17:46.897+03:00  INFO 35847 --- [vehiclepark-core] [restartedMain] com.zaxxer.hikari.HikariDataSource       : HikariPool-1 - Start completed.
2025-09-08T20:17:46.911+03:00  INFO 35847 --- [vehiclepark-core] [restartedMain] o.s.b.a.h2.H2ConsoleAutoConfiguration    : H2 console available at '/h2-console'. Database available at 'jdbc:postgresql://localhost:5432/test_db'
2025-09-08T20:17:47.221+03:00  INFO 35847 --- [vehiclepark-core] [restartedMain] o.hibernate.jpa.internal.util.LogHelper  : HHH000204: Processing PersistenceUnitInfo [name: default]
2025-09-08T20:17:47.281+03:00  INFO 35847 --- [vehiclepark-core] [restartedMain] org.hibernate.Version                    : HHH000412: Hibernate ORM core version 6.6.3.Final
2025-09-08T20:17:47.293+03:00  INFO 35847 --- [vehiclepark-core] [restartedMain] o.h.spatial.integration.SpatialService   : HHH80000001: hibernate-spatial integration enabled : true
2025-09-08T20:17:47.323+03:00  INFO 35847 --- [vehiclepark-core] [restartedMain] o.h.c.internal.RegionFactoryInitiator    : HHH000026: Second-level cache disabled
2025-09-08T20:17:47.521+03:00  INFO 35847 --- [vehiclepark-core] [restartedMain] org.hibernate.orm.connections.pooling    : HHH10001005: Database info:
	Database JDBC URL [Connecting through datasource 'HikariDataSource (HikariPool-1)']
	Database driver: undefined/unknown
	Database version: 16.4
	Autocommit mode: undefined/unknown
	Isolation level: undefined/unknown
	Minimum pool size: undefined/unknown
	Maximum pool size: undefined/unknown
2025-09-08T20:17:47.532+03:00  INFO 35847 --- [vehiclepark-core] [restartedMain] org.hibernate.spatial                    : HHH80000003: hibernate-spatial adding type contributions from : org.hibernate.spatial.dialect.postgis.PostgisDialectContributor
2025-09-08T20:17:47.779+03:00  INFO 35847 --- [vehiclepark-core] [restartedMain] o.s.o.j.p.SpringPersistenceUnitInfo      : No LoadTimeWeaver setup: ignoring JPA class transformer
2025-09-08T20:17:47.809+03:00  INFO 35847 --- [vehiclepark-core] [restartedMain] org.hibernate.spatial                    : HHH80000003: hibernate-spatial adding type contributions from : org.hibernate.spatial.dialect.postgis.PostgisDialectContributor
2025-09-08T20:17:48.295+03:00  WARN 35847 --- [vehiclepark-core] [restartedMain] org.hibernate.mapping.RootClass          : HHH000038: Composite-id class does not override equals(): ru.fisher.VehiclePark.models.DriverVehicle
2025-09-08T20:17:48.296+03:00  WARN 35847 --- [vehiclepark-core] [restartedMain] org.hibernate.mapping.RootClass          : HHH000039: Composite-id class does not override hashCode(): ru.fisher.VehiclePark.models.DriverVehicle
2025-09-08T20:17:48.296+03:00  WARN 35847 --- [vehiclepark-core] [restartedMain] org.hibernate.mapping.RootClass          : HHH000038: Composite-id class does not override equals(): ru.fisher.VehiclePark.models.EnterpriseManager
2025-09-08T20:17:48.296+03:00  WARN 35847 --- [vehiclepark-core] [restartedMain] org.hibernate.mapping.RootClass          : HHH000039: Composite-id class does not override hashCode(): ru.fisher.VehiclePark.models.EnterpriseManager
2025-09-08T20:17:48.314+03:00  INFO 35847 --- [vehiclepark-core] [restartedMain] org.hibernate.spatial                    : HHH80000004: hibernate-spatial adding function contributions from : org.hibernate.spatial.dialect.postgis.PostgisDialectContributor
2025-09-08T20:17:49.143+03:00  INFO 35847 --- [vehiclepark-core] [restartedMain] o.h.e.t.j.p.i.JtaPlatformInitiator       : HHH000489: No JTA platform available (set 'hibernate.transaction.jta.platform' to enable JTA platform integration)
2025-09-08T20:17:49.146+03:00  INFO 35847 --- [vehiclepark-core] [restartedMain] j.LocalContainerEntityManagerFactoryBean : Initialized JPA EntityManagerFactory for persistence unit 'default'
2025-09-08T20:17:49.563+03:00  INFO 35847 --- [vehiclepark-core] [restartedMain] o.s.d.j.r.query.QueryEnhancerFactory     : Hibernate is in classpath; If applicable, HQL parser will be used.
2025-09-08T20:17:56.769+03:00  WARN 35847 --- [vehiclepark-core] [restartedMain] JpaBaseConfiguration$JpaWebConfiguration : spring.jpa.open-in-view is enabled by default. Therefore, database queries may be performed during view rendering. Explicitly configure spring.jpa.open-in-view to disable this warning
2025-09-08T20:17:56.813+03:00  INFO 35847 --- [vehiclepark-core] [restartedMain] r$InitializeUserDetailsManagerConfigurer : Global AuthenticationManager configured with UserDetailsService bean with name managerDetailsService
2025-09-08T20:17:57.260+03:00  INFO 35847 --- [vehiclepark-core] [restartedMain] o.s.b.a.e.web.EndpointLinksResolver      : Exposing 5 endpoints beneath base path '/actuator'
2025-09-08T20:17:57.374+03:00  WARN 35847 --- [vehiclepark-core] [restartedMain] o.s.s.c.a.web.builders.WebSecurity       : You are asking Spring Security to ignore Deferred [Mvc [pattern='/api/managers/*/chat-id'], Ant [pattern='/api/managers/*/chat-id']]. This is not recommended -- please use permitAll via HttpSecurity#authorizeHttpRequests instead.
2025-09-08T20:17:57.560+03:00  INFO 35847 --- [vehiclepark-core] [restartedMain] r.f.V.config.TelegramBotConfig           : ✅ Telegram Bot зарегистрирован
2025-09-08T20:17:58.209+03:00  INFO 35847 --- [vehiclepark-core] [restartedMain] o.s.b.d.a.OptionalLiveReloadServer       : LiveReload server is running on port 35729
2025-09-08T20:17:58.272+03:00  WARN 35847 --- [vehiclepark-core] [restartedMain] org.jline                                : Unable to create a system terminal, creating a dumb terminal (enable debug logging for more information)
2025-09-08T20:17:58.756+03:00  INFO 35847 --- [vehiclepark-core] [restartedMain] o.s.b.w.embedded.tomcat.TomcatWebServer  : Tomcat started on port 8888 (http) with context path '/'
2025-09-08T20:17:58.787+03:00  INFO 35847 --- [vehiclepark-core] [restartedMain] r.f.VehiclePark.VehicleParkApplication   : Started VehicleParkApplication in 16.774 seconds (process running for 17.51)
2025-09-08T20:18:04.267+03:00  INFO 35847 --- [vehiclepark-core] [http-nio-8888-exec-1] o.a.c.c.C.[Tomcat].[localhost].[/]       : Initializing Spring DispatcherServlet 'dispatcherServlet'
2025-09-08T20:18:04.267+03:00  INFO 35847 --- [vehiclepark-core] [http-nio-8888-exec-1] o.s.web.servlet.DispatcherServlet        : Initializing Servlet 'dispatcherServlet'
2025-09-08T20:18:04.270+03:00  INFO 35847 --- [vehiclepark-core] [http-nio-8888-exec-1] o.s.web.servlet.DispatcherServlet        : Completed initialization in 1 ms
2025-09-08T20:18:04.616+03:00  INFO 35847 --- [vehiclepark-core] [http-nio-8888-exec-1] r.f.V.services.ManagerDetailsService     : User found: Ivan
2025-09-08T20:18:04.616+03:00  INFO 35847 --- [vehiclepark-core] [http-nio-8888-exec-1] r.f.V.services.ManagerDetailsService     : User roles: MANAGER
2025-09-08T20:18:04.730+03:00  INFO 35847 --- [vehiclepark-core] [http-nio-8888-exec-1] r.f.VehiclePark.security.ManagerDetails  : MANAGER
2025-09-08T20:18:04.800+03:00  INFO 35847 --- [vehiclepark-core] [http-nio-8888-exec-2] r.f.V.services.EnterpriseService         : Поиск предприятий для менеджера id=1
2025-09-08T20:18:08.195+03:00  INFO 35847 --- [vehiclepark-core] [http-nio-8888-exec-4] r.f.VehiclePark.services.VehicleService  : Поиск машин для менеджера 1 по предприятию 10, стр 1 размер 10
2025-09-08T20:18:08.378+03:00  INFO 35847 --- [vehiclepark-core] [http-nio-8888-exec-5] r.f.VehiclePark.services.VehicleService  : Поиск машин для менеджера 1 по предприятию 10, стр 1 размер 10
2025-09-08T20:18:36.117+03:00  INFO 35847 --- [vehiclepark-core] [http-nio-8888-exec-11] r.f.V.services.ManagerDetailsService     : User found: Ivan
2025-09-08T20:18:36.117+03:00  INFO 35847 --- [vehiclepark-core] [http-nio-8888-exec-11] r.f.V.services.ManagerDetailsService     : User roles: MANAGER
2025-09-08T20:18:36.231+03:00  INFO 35847 --- [vehiclepark-core] [http-nio-8888-exec-11] r.f.VehiclePark.security.ManagerDetails  : MANAGER
2025-09-08T20:18:42.185+03:00  INFO 35847 --- [vehiclepark-core] [http-nio-8888-exec-14] r.f.VehiclePark.services.VehicleService  : Поиск машин для менеджера 1 по предприятию 1, стр 1 размер 10
2025-09-08T20:18:42.356+03:00  INFO 35847 --- [vehiclepark-core] [http-nio-8888-exec-15] r.f.VehiclePark.services.VehicleService  : Поиск машин для менеджера 1 по предприятию 1, стр 1 размер 10
2025-09-08T20:18:44.636+03:00  INFO 35847 --- [vehiclepark-core] [http-nio-8888-exec-18] r.f.VehiclePark.services.VehicleService  : Поиск машин для менеджера 1 по предприятию 1, стр 1 размер 10
2025-09-08T20:18:44.760+03:00  INFO 35847 --- [vehiclepark-core] [http-nio-8888-exec-19] r.f.VehiclePark.services.VehicleService  : Поиск машин для менеджера 1 по предприятию 1, стр 1 размер 10
2025-09-08T20:18:44.944+03:00  INFO 35847 --- [vehiclepark-core] [http-nio-8888-exec-20] r.f.VehiclePark.services.VehicleService  : Поиск машин для менеджера 1 по предприятию 1, стр 501 размер 10
2025-09-08T20:18:45.072+03:00  INFO 35847 --- [vehiclepark-core] [http-nio-8888-exec-1] r.f.VehiclePark.services.VehicleService  : Поиск машин для менеджера 1 по предприятию 1, стр 501 размер 10
2025-09-08T20:18:45.802+03:00  INFO 35847 --- [vehiclepark-core] [http-nio-8888-exec-3] r.f.V.services.ManagerDetailsService     : User found: Ivan
2025-09-08T20:18:45.803+03:00  INFO 35847 --- [vehiclepark-core] [http-nio-8888-exec-3] r.f.V.services.ManagerDetailsService     : User roles: MANAGER
2025-09-08T20:18:45.918+03:00  INFO 35847 --- [vehiclepark-core] [http-nio-8888-exec-3] r.f.VehiclePark.security.ManagerDetails  : MANAGER
2025-09-08T20:18:46.102+03:00  INFO 35847 --- [vehiclepark-core] [http-nio-8888-exec-5] r.f.VehiclePark.services.VehicleService  : Поиск машин для менеджера 1 по предприятию 1, стр 1 размер 10
2025-09-08T20:18:46.191+03:00  INFO 35847 --- [vehiclepark-core] [http-nio-8888-exec-6] r.f.VehiclePark.services.VehicleService  : Поиск машин для менеджера 1 по предприятию 1, стр 1 размер 10
2025-09-08T20:18:46.354+03:00  INFO 35847 --- [vehiclepark-core] [http-nio-8888-exec-7] r.f.VehiclePark.services.VehicleService  : Поиск машин для менеджера 1 по предприятию 1, стр 501 размер 10
2025-09-08T20:18:46.444+03:00  INFO 35847 --- [vehiclepark-core] [http-nio-8888-exec-8] r.f.VehiclePark.services.VehicleService  : Поиск машин для менеджера 1 по предприятию 1, стр 501 размер 10
2025-09-08T20:18:47.732+03:00  INFO 35847 --- [vehiclepark-core] [http-nio-8888-exec-11] r.f.VehiclePark.services.VehicleService  : Поиск машин для менеджера 1 по предприятию 1, стр 1 размер 10
2025-09-08T20:18:47.816+03:00  INFO 35847 --- [vehiclepark-core] [http-nio-8888-exec-12] r.f.VehiclePark.services.VehicleService  : Поиск машин для менеджера 1 по предприятию 1, стр 1 размер 10
2025-09-08T20:18:47.973+03:00  INFO 35847 --- [vehiclepark-core] [http-nio-8888-exec-13] r.f.VehiclePark.services.VehicleService  : Поиск машин для менеджера 1 по предприятию 1, стр 501 размер 10
2025-09-08T20:18:48.059+03:00  INFO 35847 --- [vehiclepark-core] [http-nio-8888-exec-14] r.f.VehiclePark.services.VehicleService  : Поиск машин для менеджера 1 по предприятию 1, стр 501 размер 10
2025-09-08T20:18:49.418+03:00  INFO 35847 --- [vehiclepark-core] [http-nio-8888-exec-18] r.f.V.services.ManagerDetailsService     : User found: Ivan
2025-09-08T20:18:49.419+03:00  INFO 35847 --- [vehiclepark-core] [http-nio-8888-exec-18] r.f.V.services.ManagerDetailsService     : User roles: MANAGER
2025-09-08T20:18:49.532+03:00  INFO 35847 --- [vehiclepark-core] [http-nio-8888-exec-18] r.f.VehiclePark.security.ManagerDetails  : MANAGER
2025-09-08T20:18:50.993+03:00  INFO 35847 --- [vehiclepark-core] [http-nio-8888-exec-1] r.f.VehiclePark.services.VehicleService  : Поиск машины по номеру number: А555АА777
2025-09-08T20:18:51.017+03:00  INFO 35847 --- [vehiclepark-core] [http-nio-8888-exec-1] r.f.VehiclePark.services.ReportService   : Формирование отчета по машине id=15211, период MONTH, с 2024-01-01T00:00 по 2024-12-31T23:59
2025-09-08T20:18:51.064+03:00  INFO 35847 --- [vehiclepark-core] [http-nio-8888-exec-1] o.a.k.clients.producer.ProducerConfig    : ProducerConfig values: 
	acks = -1
	auto.include.jmx.reporter = true
	batch.size = 16384
	bootstrap.servers = [kafka:29092]
	buffer.memory = 33554432
	client.dns.lookup = use_all_dns_ips
	client.id = vehiclepark-core-producer-1
	compression.type = none
	connections.max.idle.ms = 540000
	delivery.timeout.ms = 120000
	enable.idempotence = true
	enable.metrics.push = true
	interceptor.classes = []
	key.serializer = class org.apache.kafka.common.serialization.StringSerializer
	linger.ms = 0
	max.block.ms = 60000
	max.in.flight.requests.per.connection = 5
	max.request.size = 1048576
	metadata.max.age.ms = 300000
	metadata.max.idle.ms = 300000
	metric.reporters = []
	metrics.num.samples = 2
	metrics.recording.level = INFO
	metrics.sample.window.ms = 30000
	partitioner.adaptive.partitioning.enable = true
	partitioner.availability.timeout.ms = 0
	partitioner.class = null
	partitioner.ignore.keys = false
	receive.buffer.bytes = 32768
	reconnect.backoff.max.ms = 1000
	reconnect.backoff.ms = 50
	request.timeout.ms = 30000
	retries = 2147483647
	retry.backoff.max.ms = 1000
	retry.backoff.ms = 100
	sasl.client.callback.handler.class = null
	sasl.jaas.config = null
	sasl.kerberos.kinit.cmd = /usr/bin/kinit
	sasl.kerberos.min.time.before.relogin = 60000
	sasl.kerberos.service.name = null
	sasl.kerberos.ticket.renew.jitter = 0.05
	sasl.kerberos.ticket.renew.window.factor = 0.8
	sasl.login.callback.handler.class = null
	sasl.login.class = null
	sasl.login.connect.timeout.ms = null
	sasl.login.read.timeout.ms = null
	sasl.login.refresh.buffer.seconds = 300
	sasl.login.refresh.min.period.seconds = 60
	sasl.login.refresh.window.factor = 0.8
	sasl.login.refresh.window.jitter = 0.05
	sasl.login.retry.backoff.max.ms = 10000
	sasl.login.retry.backoff.ms = 100
	sasl.mechanism = GSSAPI
	sasl.oauthbearer.clock.skew.seconds = 30
	sasl.oauthbearer.expected.audience = null
	sasl.oauthbearer.expected.issuer = null
	sasl.oauthbearer.jwks.endpoint.refresh.ms = 3600000
	sasl.oauthbearer.jwks.endpoint.retry.backoff.max.ms = 10000
	sasl.oauthbearer.jwks.endpoint.retry.backoff.ms = 100
	sasl.oauthbearer.jwks.endpoint.url = null
	sasl.oauthbearer.scope.claim.name = scope
	sasl.oauthbearer.sub.claim.name = sub
	sasl.oauthbearer.token.endpoint.url = null
	security.protocol = PLAINTEXT
	security.providers = null
	send.buffer.bytes = 131072
	socket.connection.setup.timeout.max.ms = 30000
	socket.connection.setup.timeout.ms = 10000
	ssl.cipher.suites = null
	ssl.enabled.protocols = [TLSv1.2, TLSv1.3]
	ssl.endpoint.identification.algorithm = https
	ssl.engine.factory.class = null
	ssl.key.password = null
	ssl.keymanager.algorithm = SunX509
	ssl.keystore.certificate.chain = null
	ssl.keystore.key = null
	ssl.keystore.location = null
	ssl.keystore.password = null
	ssl.keystore.type = JKS
	ssl.protocol = TLSv1.3
	ssl.provider = null
	ssl.secure.random.implementation = null
	ssl.trustmanager.algorithm = PKIX
	ssl.truststore.certificates = null
	ssl.truststore.location = null
	ssl.truststore.password = null
	ssl.truststore.type = JKS
	transaction.timeout.ms = 60000
	transactional.id = null
	value.serializer = class org.apache.kafka.common.serialization.StringSerializer

2025-09-08T20:18:51.111+03:00  INFO 35847 --- [vehiclepark-core] [http-nio-8888-exec-1] o.a.k.c.t.i.KafkaMetricsCollector        : initializing Kafka metrics collector
2025-09-08T20:18:51.130+03:00  INFO 35847 --- [vehiclepark-core] [http-nio-8888-exec-1] o.a.k.clients.producer.KafkaProducer     : [Producer clientId=vehiclepark-core-producer-1] Instantiated an idempotent producer.
2025-09-08T20:18:51.141+03:00  WARN 35847 --- [vehiclepark-core] [http-nio-8888-exec-1] org.apache.kafka.clients.ClientUtils     : Couldn't resolve server kafka:29092 from bootstrap.servers as DNS resolution failed for kafka
2025-09-08T20:18:51.141+03:00  INFO 35847 --- [vehiclepark-core] [http-nio-8888-exec-1] o.a.k.clients.producer.KafkaProducer     : [Producer clientId=vehiclepark-core-producer-1] Closing the Kafka producer with timeoutMillis = 0 ms.
2025-09-08T20:18:51.143+03:00  INFO 35847 --- [vehiclepark-core] [http-nio-8888-exec-1] o.apache.kafka.common.metrics.Metrics    : Metrics scheduler closed
2025-09-08T20:18:51.144+03:00  INFO 35847 --- [vehiclepark-core] [http-nio-8888-exec-1] o.apache.kafka.common.metrics.Metrics    : Closing reporter org.apache.kafka.common.metrics.JmxReporter
2025-09-08T20:18:51.144+03:00  INFO 35847 --- [vehiclepark-core] [http-nio-8888-exec-1] o.apache.kafka.common.metrics.Metrics    : Closing reporter org.apache.kafka.common.telemetry.internals.ClientTelemetryReporter
2025-09-08T20:18:51.144+03:00  INFO 35847 --- [vehiclepark-core] [http-nio-8888-exec-1] o.apache.kafka.common.metrics.Metrics    : Metrics reporters closed
2025-09-08T20:18:51.146+03:00  INFO 35847 --- [vehiclepark-core] [http-nio-8888-exec-1] o.a.kafka.common.utils.AppInfoParser     : App info kafka.producer for vehiclepark-core-producer-1 unregistered
2025-09-08T20:18:51.150+03:00 ERROR 35847 --- [vehiclepark-core] [http-nio-8888-exec-1] o.a.c.c.C.[.[.[/].[dispatcherServlet]    : Servlet.service() for servlet [dispatcherServlet] in context with path [] threw exception [Request processing failed: org.apache.kafka.common.KafkaException: Failed to construct kafka producer] with root cause

org.apache.kafka.common.config.ConfigException: No resolvable bootstrap urls given in bootstrap.servers
	at org.apache.kafka.clients.ClientUtils.parseAndValidateAddresses(ClientUtils.java:103) ~[kafka-clients-3.7.1.jar:na]
	at org.apache.kafka.clients.ClientUtils.parseAndValidateAddresses(ClientUtils.java:62) ~[kafka-clients-3.7.1.jar:na]
	at org.apache.kafka.clients.ClientUtils.parseAndValidateAddresses(ClientUtils.java:58) ~[kafka-clients-3.7.1.jar:na]
	at org.apache.kafka.clients.producer.KafkaProducer.<init>(KafkaProducer.java:448) ~[kafka-clients-3.7.1.jar:na]
	at org.apache.kafka.clients.producer.KafkaProducer.<init>(KafkaProducer.java:294) ~[kafka-clients-3.7.1.jar:na]
	at org.springframework.kafka.core.DefaultKafkaProducerFactory.createRawProducer(DefaultKafkaProducerFactory.java:944) ~[spring-kafka-3.2.4.jar:3.2.4]
	at org.springframework.kafka.core.DefaultKafkaProducerFactory.createKafkaProducer(DefaultKafkaProducerFactory.java:826) ~[spring-kafka-3.2.4.jar:3.2.4]
	at org.springframework.kafka.core.DefaultKafkaProducerFactory.doCreateProducer(DefaultKafkaProducerFactory.java:793) ~[spring-kafka-3.2.4.jar:3.2.4]
	at org.springframework.kafka.core.DefaultKafkaProducerFactory.createProducer(DefaultKafkaProducerFactory.java:768) ~[spring-kafka-3.2.4.jar:3.2.4]
	at org.springframework.kafka.core.DefaultKafkaProducerFactory.createProducer(DefaultKafkaProducerFactory.java:762) ~[spring-kafka-3.2.4.jar:3.2.4]
	at org.springframework.kafka.core.KafkaTemplate.getTheProducer(KafkaTemplate.java:964) ~[spring-kafka-3.2.4.jar:3.2.4]
	at org.springframework.kafka.core.KafkaTemplate.doSend(KafkaTemplate.java:816) ~[spring-kafka-3.2.4.jar:3.2.4]
	at org.springframework.kafka.core.KafkaTemplate.observeSend(KafkaTemplate.java:793) ~[spring-kafka-3.2.4.jar:3.2.4]
	at org.springframework.kafka.core.KafkaTemplate.send(KafkaTemplate.java:570) ~[spring-kafka-3.2.4.jar:3.2.4]
	at ru.fisher.VehiclePark.kafka.NotificationKafkaProducer.sendNotification(NotificationKafkaProducer.java:31) ~[classes/:na]
	at ru.fisher.VehiclePark.controllers.ManagerController.generateReport(ManagerController.java:293) ~[classes/:na]
	at java.base/jdk.internal.reflect.DirectMethodHandleAccessor.invoke(DirectMethodHandleAccessor.java:103) ~[na:na]
	at java.base/java.lang.reflect.Method.invoke(Method.java:580) ~[na:na]
	at org.springframework.web.method.support.InvocableHandlerMethod.doInvoke(InvocableHandlerMethod.java:255) ~[spring-web-6.1.14.jar:6.1.14]
	at org.springframework.web.method.support.InvocableHandlerMethod.invokeForRequest(InvocableHandlerMethod.java:188) ~[spring-web-6.1.14.jar:6.1.14]
	at org.springframework.web.servlet.mvc.method.annotation.ServletInvocableHandlerMethod.invokeAndHandle(ServletInvocableHandlerMethod.java:118) ~[spring-webmvc-6.1.14.jar:6.1.14]
	at org.springframework.web.servlet.mvc.method.annotation.RequestMappingHandlerAdapter.invokeHandlerMethod(RequestMappingHandlerAdapter.java:926) ~[spring-webmvc-6.1.14.jar:6.1.14]
	at org.springframework.web.servlet.mvc.method.annotation.RequestMappingHandlerAdapter.handleInternal(RequestMappingHandlerAdapter.java:831) ~[spring-webmvc-6.1.14.jar:6.1.14]
	at org.springframework.web.servlet.mvc.method.AbstractHandlerMethodAdapter.handle(AbstractHandlerMethodAdapter.java:87) ~[spring-webmvc-6.1.14.jar:6.1.14]
	at org.springframework.web.servlet.DispatcherServlet.doDispatch(DispatcherServlet.java:1089) ~[spring-webmvc-6.1.14.jar:6.1.14]
	at org.springframework.web.servlet.DispatcherServlet.doService(DispatcherServlet.java:979) ~[spring-webmvc-6.1.14.jar:6.1.14]
	at org.springframework.web.servlet.FrameworkServlet.processRequest(FrameworkServlet.java:1014) ~[spring-webmvc-6.1.14.jar:6.1.14]
	at org.springframework.web.servlet.FrameworkServlet.doPost(FrameworkServlet.java:914) ~[spring-webmvc-6.1.14.jar:6.1.14]
	at jakarta.servlet.http.HttpServlet.service(HttpServlet.java:590) ~[tomcat-embed-core-10.1.31.jar:6.0]
	at org.springframework.web.servlet.FrameworkServlet.service(FrameworkServlet.java:885) ~[spring-webmvc-6.1.14.jar:6.1.14]
	at jakarta.servlet.http.HttpServlet.service(HttpServlet.java:658) ~[tomcat-embed-core-10.1.31.jar:6.0]
	at org.apache.catalina.core.ApplicationFilterChain.internalDoFilter(ApplicationFilterChain.java:195) ~[tomcat-embed-core-10.1.31.jar:10.1.31]
	at org.apache.catalina.core.ApplicationFilterChain.doFilter(ApplicationFilterChain.java:140) ~[tomcat-embed-core-10.1.31.jar:10.1.31]
	at org.apache.tomcat.websocket.server.WsFilter.doFilter(WsFilter.java:51) ~[tomcat-embed-websocket-10.1.31.jar:10.1.31]
	at org.apache.catalina.core.ApplicationFilterChain.internalDoFilter(ApplicationFilterChain.java:164) ~[tomcat-embed-core-10.1.31.jar:10.1.31]
	at org.apache.catalina.core.ApplicationFilterChain.doFilter(ApplicationFilterChain.java:140) ~[tomcat-embed-core-10.1.31.jar:10.1.31]
	at org.springframework.web.filter.CompositeFilter$VirtualFilterChain.doFilter(CompositeFilter.java:108) ~[spring-web-6.1.14.jar:6.1.14]
	at org.springframework.security.web.FilterChainProxy.lambda$doFilterInternal$3(FilterChainProxy.java:231) ~[spring-security-web-6.3.4.jar:6.3.4]
	at org.springframework.security.web.ObservationFilterChainDecorator$FilterObservation$SimpleFilterObservation.lambda$wrap$1(ObservationFilterChainDecorator.java:479) ~[spring-security-web-6.3.4.jar:6.3.4]
	at org.springframework.security.web.ObservationFilterChainDecorator$AroundFilterObservation$SimpleAroundFilterObservation.lambda$wrap$1(ObservationFilterChainDecorator.java:340) ~[spring-security-web-6.3.4.jar:6.3.4]
	at org.springframework.security.web.ObservationFilterChainDecorator.lambda$wrapSecured$0(ObservationFilterChainDecorator.java:82) ~[spring-security-web-6.3.4.jar:6.3.4]
	at org.springframework.security.web.ObservationFilterChainDecorator$VirtualFilterChain.doFilter(ObservationFilterChainDecorator.java:128) ~[spring-security-web-6.3.4.jar:6.3.4]
	at org.springframework.security.web.access.intercept.AuthorizationFilter.doFilter(AuthorizationFilter.java:100) ~[spring-security-web-6.3.4.jar:6.3.4]
	at org.springframework.security.web.ObservationFilterChainDecorator$ObservationFilter.wrapFilter(ObservationFilterChainDecorator.java:240) ~[spring-security-web-6.3.4.jar:6.3.4]
	at org.springframework.security.web.ObservationFilterChainDecorator$ObservationFilter.doFilter(ObservationFilterChainDecorator.java:227) ~[spring-security-web-6.3.4.jar:6.3.4]
	at org.springframework.security.web.ObservationFilterChainDecorator$VirtualFilterChain.doFilter(ObservationFilterChainDecorator.java:137) ~[spring-security-web-6.3.4.jar:6.3.4]
	at org.springframework.security.web.access.ExceptionTranslationFilter.doFilter(ExceptionTranslationFilter.java:126) ~[spring-security-web-6.3.4.jar:6.3.4]
	at org.springframework.security.web.access.ExceptionTranslationFilter.doFilter(ExceptionTranslationFilter.java:120) ~[spring-security-web-6.3.4.jar:6.3.4]
	at org.springframework.security.web.ObservationFilterChainDecorator$ObservationFilter.wrapFilter(ObservationFilterChainDecorator.java:240) ~[spring-security-web-6.3.4.jar:6.3.4]
	at org.springframework.security.web.ObservationFilterChainDecorator$ObservationFilter.doFilter(ObservationFilterChainDecorator.java:227) ~[spring-security-web-6.3.4.jar:6.3.4]
	at org.springframework.security.web.ObservationFilterChainDecorator$VirtualFilterChain.doFilter(ObservationFilterChainDecorator.java:137) ~[spring-security-web-6.3.4.jar:6.3.4]
	at org.springframework.security.web.authentication.AnonymousAuthenticationFilter.doFilter(AnonymousAuthenticationFilter.java:100) ~[spring-security-web-6.3.4.jar:6.3.4]
	at org.springframework.security.web.ObservationFilterChainDecorator$ObservationFilter.wrapFilter(ObservationFilterChainDecorator.java:240) ~[spring-security-web-6.3.4.jar:6.3.4]
	at org.springframework.security.web.ObservationFilterChainDecorator$ObservationFilter.doFilter(ObservationFilterChainDecorator.java:227) ~[spring-security-web-6.3.4.jar:6.3.4]
	at org.springframework.security.web.ObservationFilterChainDecorator$VirtualFilterChain.doFilter(ObservationFilterChainDecorator.java:137) ~[spring-security-web-6.3.4.jar:6.3.4]
	at org.springframework.security.web.servletapi.SecurityContextHolderAwareRequestFilter.doFilter(SecurityContextHolderAwareRequestFilter.java:179) ~[spring-security-web-6.3.4.jar:6.3.4]
	at org.springframework.security.web.ObservationFilterChainDecorator$ObservationFilter.wrapFilter(ObservationFilterChainDecorator.java:240) ~[spring-security-web-6.3.4.jar:6.3.4]
	at org.springframework.security.web.ObservationFilterChainDecorator$ObservationFilter.doFilter(ObservationFilterChainDecorator.java:227) ~[spring-security-web-6.3.4.jar:6.3.4]
	at org.springframework.security.web.ObservationFilterChainDecorator$VirtualFilterChain.doFilter(ObservationFilterChainDecorator.java:137) ~[spring-security-web-6.3.4.jar:6.3.4]
	at org.springframework.security.web.savedrequest.RequestCacheAwareFilter.doFilter(RequestCacheAwareFilter.java:63) ~[spring-security-web-6.3.4.jar:6.3.4]
	at org.springframework.security.web.ObservationFilterChainDecorator$ObservationFilter.wrapFilter(ObservationFilterChainDecorator.java:240) ~[spring-security-web-6.3.4.jar:6.3.4]
	at org.springframework.security.web.ObservationFilterChainDecorator$ObservationFilter.doFilter(ObservationFilterChainDecorator.java:227) ~[spring-security-web-6.3.4.jar:6.3.4]
	at org.springframework.security.web.ObservationFilterChainDecorator$VirtualFilterChain.doFilter(ObservationFilterChainDecorator.java:137) ~[spring-security-web-6.3.4.jar:6.3.4]
	at org.springframework.security.web.authentication.AbstractAuthenticationProcessingFilter.doFilter(AbstractAuthenticationProcessingFilter.java:227) ~[spring-security-web-6.3.4.jar:6.3.4]
	at org.springframework.security.web.authentication.AbstractAuthenticationProcessingFilter.doFilter(AbstractAuthenticationProcessingFilter.java:221) ~[spring-security-web-6.3.4.jar:6.3.4]
	at org.springframework.security.web.ObservationFilterChainDecorator$ObservationFilter.wrapFilter(ObservationFilterChainDecorator.java:240) ~[spring-security-web-6.3.4.jar:6.3.4]
	at org.springframework.security.web.ObservationFilterChainDecorator$ObservationFilter.doFilter(ObservationFilterChainDecorator.java:227) ~[spring-security-web-6.3.4.jar:6.3.4]
	at org.springframework.security.web.ObservationFilterChainDecorator$VirtualFilterChain.doFilter(ObservationFilterChainDecorator.java:137) ~[spring-security-web-6.3.4.jar:6.3.4]
	at org.springframework.security.web.authentication.logout.LogoutFilter.doFilter(LogoutFilter.java:107) ~[spring-security-web-6.3.4.jar:6.3.4]
	at org.springframework.security.web.authentication.logout.LogoutFilter.doFilter(LogoutFilter.java:93) ~[spring-security-web-6.3.4.jar:6.3.4]
	at org.springframework.security.web.ObservationFilterChainDecorator$ObservationFilter.wrapFilter(ObservationFilterChainDecorator.java:240) ~[spring-security-web-6.3.4.jar:6.3.4]
	at org.springframework.security.web.ObservationFilterChainDecorator$ObservationFilter.doFilter(ObservationFilterChainDecorator.java:227) ~[spring-security-web-6.3.4.jar:6.3.4]
	at org.springframework.security.web.ObservationFilterChainDecorator$VirtualFilterChain.doFilter(ObservationFilterChainDecorator.java:137) ~[spring-security-web-6.3.4.jar:6.3.4]
	at org.springframework.security.web.header.HeaderWriterFilter.doHeadersAfter(HeaderWriterFilter.java:90) ~[spring-security-web-6.3.4.jar:6.3.4]
	at org.springframework.security.web.header.HeaderWriterFilter.doFilterInternal(HeaderWriterFilter.java:75) ~[spring-security-web-6.3.4.jar:6.3.4]
	at org.springframework.web.filter.OncePerRequestFilter.doFilter(OncePerRequestFilter.java:116) ~[spring-web-6.1.14.jar:6.1.14]
	at org.springframework.security.web.ObservationFilterChainDecorator$ObservationFilter.wrapFilter(ObservationFilterChainDecorator.java:240) ~[spring-security-web-6.3.4.jar:6.3.4]
	at org.springframework.security.web.ObservationFilterChainDecorator$ObservationFilter.doFilter(ObservationFilterChainDecorator.java:227) ~[spring-security-web-6.3.4.jar:6.3.4]
	at org.springframework.security.web.ObservationFilterChainDecorator$VirtualFilterChain.doFilter(ObservationFilterChainDecorator.java:137) ~[spring-security-web-6.3.4.jar:6.3.4]
	at org.springframework.security.web.context.SecurityContextHolderFilter.doFilter(SecurityContextHolderFilter.java:82) ~[spring-security-web-6.3.4.jar:6.3.4]
	at org.springframework.security.web.context.SecurityContextHolderFilter.doFilter(SecurityContextHolderFilter.java:69) ~[spring-security-web-6.3.4.jar:6.3.4]
	at org.springframework.security.web.ObservationFilterChainDecorator$ObservationFilter.wrapFilter(ObservationFilterChainDecorator.java:240) ~[spring-security-web-6.3.4.jar:6.3.4]
	at org.springframework.security.web.ObservationFilterChainDecorator$ObservationFilter.doFilter(ObservationFilterChainDecorator.java:227) ~[spring-security-web-6.3.4.jar:6.3.4]
	at org.springframework.security.web.ObservationFilterChainDecorator$VirtualFilterChain.doFilter(ObservationFilterChainDecorator.java:137) ~[spring-security-web-6.3.4.jar:6.3.4]
	at org.springframework.security.web.context.request.async.WebAsyncManagerIntegrationFilter.doFilterInternal(WebAsyncManagerIntegrationFilter.java:62) ~[spring-security-web-6.3.4.jar:6.3.4]
	at org.springframework.web.filter.OncePerRequestFilter.doFilter(OncePerRequestFilter.java:116) ~[spring-web-6.1.14.jar:6.1.14]
	at org.springframework.security.web.ObservationFilterChainDecorator$ObservationFilter.wrapFilter(ObservationFilterChainDecorator.java:240) ~[spring-security-web-6.3.4.jar:6.3.4]
	at org.springframework.security.web.ObservationFilterChainDecorator$ObservationFilter.doFilter(ObservationFilterChainDecorator.java:227) ~[spring-security-web-6.3.4.jar:6.3.4]
	at org.springframework.security.web.ObservationFilterChainDecorator$VirtualFilterChain.doFilter(ObservationFilterChainDecorator.java:137) ~[spring-security-web-6.3.4.jar:6.3.4]
	at org.springframework.security.web.session.DisableEncodeUrlFilter.doFilterInternal(DisableEncodeUrlFilter.java:42) ~[spring-security-web-6.3.4.jar:6.3.4]
	at org.springframework.web.filter.OncePerRequestFilter.doFilter(OncePerRequestFilter.java:116) ~[spring-web-6.1.14.jar:6.1.14]
	at org.springframework.security.web.ObservationFilterChainDecorator$ObservationFilter.wrapFilter(ObservationFilterChainDecorator.java:240) ~[spring-security-web-6.3.4.jar:6.3.4]
	at org.springframework.security.web.ObservationFilterChainDecorator$AroundFilterObservation$SimpleAroundFilterObservation.lambda$wrap$0(ObservationFilterChainDecorator.java:323) ~[spring-security-web-6.3.4.jar:6.3.4]
	at org.springframework.security.web.ObservationFilterChainDecorator$ObservationFilter.doFilter(ObservationFilterChainDecorator.java:224) ~[spring-security-web-6.3.4.jar:6.3.4]
	at org.springframework.security.web.ObservationFilterChainDecorator$VirtualFilterChain.doFilter(ObservationFilterChainDecorator.java:137) ~[spring-security-web-6.3.4.jar:6.3.4]
	at org.springframework.security.web.FilterChainProxy.doFilterInternal(FilterChainProxy.java:233) ~[spring-security-web-6.3.4.jar:6.3.4]
	at org.springframework.security.web.FilterChainProxy.doFilter(FilterChainProxy.java:191) ~[spring-security-web-6.3.4.jar:6.3.4]
	at org.springframework.web.filter.CompositeFilter$VirtualFilterChain.doFilter(CompositeFilter.java:113) ~[spring-web-6.1.14.jar:6.1.14]
	at org.springframework.web.servlet.handler.HandlerMappingIntrospector.lambda$createCacheFilter$3(HandlerMappingIntrospector.java:195) ~[spring-webmvc-6.1.14.jar:6.1.14]
	at org.springframework.web.filter.CompositeFilter$VirtualFilterChain.doFilter(CompositeFilter.java:113) ~[spring-web-6.1.14.jar:6.1.14]
	at org.springframework.web.filter.CompositeFilter.doFilter(CompositeFilter.java:74) ~[spring-web-6.1.14.jar:6.1.14]
	at org.springframework.security.config.annotation.web.configuration.WebMvcSecurityConfiguration$CompositeFilterChainProxy.doFilter(WebMvcSecurityConfiguration.java:230) ~[spring-security-config-6.3.4.jar:6.3.4]
	at org.springframework.web.filter.DelegatingFilterProxy.invokeDelegate(DelegatingFilterProxy.java:362) ~[spring-web-6.1.14.jar:6.1.14]
	at org.springframework.web.filter.DelegatingFilterProxy.doFilter(DelegatingFilterProxy.java:278) ~[spring-web-6.1.14.jar:6.1.14]
	at org.apache.catalina.core.ApplicationFilterChain.internalDoFilter(ApplicationFilterChain.java:164) ~[tomcat-embed-core-10.1.31.jar:10.1.31]
	at org.apache.catalina.core.ApplicationFilterChain.doFilter(ApplicationFilterChain.java:140) ~[tomcat-embed-core-10.1.31.jar:10.1.31]
	at org.springframework.web.filter.RequestContextFilter.doFilterInternal(RequestContextFilter.java:100) ~[spring-web-6.1.14.jar:6.1.14]
	at org.springframework.web.filter.OncePerRequestFilter.doFilter(OncePerRequestFilter.java:116) ~[spring-web-6.1.14.jar:6.1.14]
	at org.apache.catalina.core.ApplicationFilterChain.internalDoFilter(ApplicationFilterChain.java:164) ~[tomcat-embed-core-10.1.31.jar:10.1.31]
	at org.apache.catalina.core.ApplicationFilterChain.doFilter(ApplicationFilterChain.java:140) ~[tomcat-embed-core-10.1.31.jar:10.1.31]
	at org.springframework.web.filter.FormContentFilter.doFilterInternal(FormContentFilter.java:93) ~[spring-web-6.1.14.jar:6.1.14]
	at org.springframework.web.filter.OncePerRequestFilter.doFilter(OncePerRequestFilter.java:116) ~[spring-web-6.1.14.jar:6.1.14]
	at org.apache.catalina.core.ApplicationFilterChain.internalDoFilter(ApplicationFilterChain.java:164) ~[tomcat-embed-core-10.1.31.jar:10.1.31]
	at org.apache.catalina.core.ApplicationFilterChain.doFilter(ApplicationFilterChain.java:140) ~[tomcat-embed-core-10.1.31.jar:10.1.31]
	at org.springframework.web.filter.HiddenHttpMethodFilter.doFilterInternal(HiddenHttpMethodFilter.java:91) ~[spring-web-6.1.14.jar:6.1.14]
	at org.springframework.web.filter.OncePerRequestFilter.doFilter(OncePerRequestFilter.java:116) ~[spring-web-6.1.14.jar:6.1.14]
	at org.apache.catalina.core.ApplicationFilterChain.internalDoFilter(ApplicationFilterChain.java:164) ~[tomcat-embed-core-10.1.31.jar:10.1.31]
	at org.apache.catalina.core.ApplicationFilterChain.doFilter(ApplicationFilterChain.java:140) ~[tomcat-embed-core-10.1.31.jar:10.1.31]
	at org.springframework.web.filter.ServerHttpObservationFilter.doFilterInternal(ServerHttpObservationFilter.java:113) ~[spring-web-6.1.14.jar:6.1.14]
	at org.springframework.web.filter.OncePerRequestFilter.doFilter(OncePerRequestFilter.java:116) ~[spring-web-6.1.14.jar:6.1.14]
	at org.apache.catalina.core.ApplicationFilterChain.internalDoFilter(ApplicationFilterChain.java:164) ~[tomcat-embed-core-10.1.31.jar:10.1.31]
	at org.apache.catalina.core.ApplicationFilterChain.doFilter(ApplicationFilterChain.java:140) ~[tomcat-embed-core-10.1.31.jar:10.1.31]
	at org.springframework.web.filter.CharacterEncodingFilter.doFilterInternal(CharacterEncodingFilter.java:201) ~[spring-web-6.1.14.jar:6.1.14]
	at org.springframework.web.filter.OncePerRequestFilter.doFilter(OncePerRequestFilter.java:116) ~[spring-web-6.1.14.jar:6.1.14]
	at org.apache.catalina.core.ApplicationFilterChain.internalDoFilter(ApplicationFilterChain.java:164) ~[tomcat-embed-core-10.1.31.jar:10.1.31]
	at org.apache.catalina.core.ApplicationFilterChain.doFilter(ApplicationFilterChain.java:140) ~[tomcat-embed-core-10.1.31.jar:10.1.31]
	at org.apache.catalina.core.StandardWrapperValve.invoke(StandardWrapperValve.java:167) ~[tomcat-embed-core-10.1.31.jar:10.1.31]
	at org.apache.catalina.core.StandardContextValve.invoke(StandardContextValve.java:90) ~[tomcat-embed-core-10.1.31.jar:10.1.31]
	at org.apache.catalina.authenticator.AuthenticatorBase.invoke(AuthenticatorBase.java:483) ~[tomcat-embed-core-10.1.31.jar:10.1.31]
	at org.apache.catalina.core.StandardHostValve.invoke(StandardHostValve.java:115) ~[tomcat-embed-core-10.1.31.jar:10.1.31]
	at org.apache.catalina.valves.ErrorReportValve.invoke(ErrorReportValve.java:93) ~[tomcat-embed-core-10.1.31.jar:10.1.31]
	at org.apache.catalina.core.StandardEngineValve.invoke(StandardEngineValve.java:74) ~[tomcat-embed-core-10.1.31.jar:10.1.31]
	at org.apache.catalina.connector.CoyoteAdapter.service(CoyoteAdapter.java:344) ~[tomcat-embed-core-10.1.31.jar:10.1.31]
	at org.apache.coyote.http11.Http11Processor.service(Http11Processor.java:384) ~[tomcat-embed-core-10.1.31.jar:10.1.31]
	at org.apache.coyote.AbstractProcessorLight.process(AbstractProcessorLight.java:63) ~[tomcat-embed-core-10.1.31.jar:10.1.31]
	at org.apache.coyote.AbstractProtocol$ConnectionHandler.process(AbstractProtocol.java:905) ~[tomcat-embed-core-10.1.31.jar:10.1.31]
	at org.apache.tomcat.util.net.NioEndpoint$SocketProcessor.doRun(NioEndpoint.java:1741) ~[tomcat-embed-core-10.1.31.jar:10.1.31]
	at org.apache.tomcat.util.net.SocketProcessorBase.run(SocketProcessorBase.java:52) ~[tomcat-embed-core-10.1.31.jar:10.1.31]
	at org.apache.tomcat.util.threads.ThreadPoolExecutor.runWorker(ThreadPoolExecutor.java:1190) ~[tomcat-embed-core-10.1.31.jar:10.1.31]
	at org.apache.tomcat.util.threads.ThreadPoolExecutor$Worker.run(ThreadPoolExecutor.java:659) ~[tomcat-embed-core-10.1.31.jar:10.1.31]
	at org.apache.tomcat.util.threads.TaskThread$WrappingRunnable.run(TaskThread.java:63) ~[tomcat-embed-core-10.1.31.jar:10.1.31]
	at java.base/java.lang.Thread.run(Thread.java:1583) ~[na:na]

2025-09-08T20:18:56.034+03:00  INFO 35847 --- [vehiclepark-core] [http-nio-8888-exec-3] r.f.V.services.ManagerDetailsService     : User found: Ivan
2025-09-08T20:18:56.034+03:00  INFO 35847 --- [vehiclepark-core] [http-nio-8888-exec-3] r.f.V.services.ManagerDetailsService     : User roles: MANAGER
2025-09-08T20:18:56.149+03:00  INFO 35847 --- [vehiclepark-core] [http-nio-8888-exec-3] r.f.VehiclePark.security.ManagerDetails  : MANAGER
2025-09-08T20:18:56.340+03:00  INFO 35847 --- [vehiclepark-core] [http-nio-8888-exec-5] r.f.VehiclePark.services.VehicleService  : Поиск машин для менеджера 1 по предприятию 1, стр 1 размер 10
2025-09-08T20:18:56.429+03:00  INFO 35847 --- [vehiclepark-core] [http-nio-8888-exec-6] r.f.VehiclePark.services.VehicleService  : Поиск машин для менеджера 1 по предприятию 1, стр 1 размер 10
2025-09-08T20:18:56.606+03:00  INFO 35847 --- [vehiclepark-core] [http-nio-8888-exec-7] r.f.VehiclePark.services.VehicleService  : Поиск машин для менеджера 1 по предприятию 1, стр 501 размер 10
2025-09-08T20:18:56.697+03:00  INFO 35847 --- [vehiclepark-core] [http-nio-8888-exec-8] r.f.VehiclePark.services.VehicleService  : Поиск машин для менеджера 1 по предприятию 1, стр 501 размер 10
2025-09-08T20:18:56.894+03:00  INFO 35847 --- [vehiclepark-core] [http-nio-8888-exec-10] r.f.VehiclePark.services.VehicleService  : Поиск машин для менеджера 1 по предприятию 1, стр 1 размер 10
2025-09-08T20:18:56.978+03:00  INFO 35847 --- [vehiclepark-core] [http-nio-8888-exec-11] r.f.VehiclePark.services.VehicleService  : Поиск машин для менеджера 1 по предприятию 1, стр 1 размер 10
2025-09-08T20:19:11.289+03:00  INFO 35847 --- [vehiclepark-core] [http-nio-8888-exec-14] r.f.V.services.ManagerDetailsService     : User found: Ivan
2025-09-08T20:19:11.290+03:00  INFO 35847 --- [vehiclepark-core] [http-nio-8888-exec-14] r.f.V.services.ManagerDetailsService     : User roles: MANAGER
2025-09-08T20:19:11.404+03:00  INFO 35847 --- [vehiclepark-core] [http-nio-8888-exec-14] r.f.VehiclePark.security.ManagerDetails  : MANAGER
2025-09-08T20:19:11.577+03:00  INFO 35847 --- [vehiclepark-core] [http-nio-8888-exec-16] r.f.VehiclePark.services.VehicleService  : Поиск машин для менеджера 1 по предприятию 1, стр 1 размер 10
2025-09-08T20:19:11.657+03:00  INFO 35847 --- [vehiclepark-core] [http-nio-8888-exec-17] r.f.VehiclePark.services.VehicleService  : Поиск машин для менеджера 1 по предприятию 1, стр 1 размер 10
2025-09-08T20:19:12.313+03:00  INFO 35847 --- [vehiclepark-core] [http-nio-8888-exec-19] r.f.V.services.ManagerDetailsService     : User found: Ivan
2025-09-08T20:19:12.314+03:00  INFO 35847 --- [vehiclepark-core] [http-nio-8888-exec-19] r.f.V.services.ManagerDetailsService     : User roles: MANAGER
2025-09-08T20:19:12.427+03:00  INFO 35847 --- [vehiclepark-core] [http-nio-8888-exec-19] r.f.VehiclePark.security.ManagerDetails  : MANAGER
2025-09-08T20:19:12.601+03:00  INFO 35847 --- [vehiclepark-core] [http-nio-8888-exec-1] r.f.VehiclePark.services.VehicleService  : Поиск машин для менеджера 1 по предприятию 1, стр 1 размер 10
2025-09-08T20:19:12.681+03:00  INFO 35847 --- [vehiclepark-core] [http-nio-8888-exec-2] r.f.VehiclePark.services.VehicleService  : Поиск машин для менеджера 1 по предприятию 1, стр 1 размер 10
2025-09-08T20:19:13.515+03:00  INFO 35847 --- [vehiclepark-core] [http-nio-8888-exec-6] r.f.V.services.ManagerDetailsService     : User found: Ivan
2025-09-08T20:19:13.516+03:00  INFO 35847 --- [vehiclepark-core] [http-nio-8888-exec-6] r.f.V.services.ManagerDetailsService     : User roles: MANAGER
2025-09-08T20:19:13.630+03:00  INFO 35847 --- [vehiclepark-core] [http-nio-8888-exec-6] r.f.VehiclePark.security.ManagerDetails  : MANAGER
2025-09-08T20:19:13.811+03:00  INFO 35847 --- [vehiclepark-core] [http-nio-8888-exec-8] r.f.VehiclePark.services.VehicleService  : Поиск машин для менеджера 1 по предприятию 1, стр 1 размер 10
2025-09-08T20:19:13.894+03:00  INFO 35847 --- [vehiclepark-core] [http-nio-8888-exec-9] r.f.VehiclePark.services.VehicleService  : Поиск машин для менеджера 1 по предприятию 1, стр 1 размер 10
2025-09-08T20:19:14.207+03:00  INFO 35847 --- [vehiclepark-core] [http-nio-8888-exec-12] r.f.VehiclePark.services.TripService     : Поиск поездок для отображения на карте, enterpriseId=1 vehicleId=1, от null до null, TZ=UTC
2025-09-08T20:19:14.208+03:00  INFO 35847 --- [vehiclepark-core] [http-nio-8888-exec-12] r.f.VehiclePark.services.TripService     : === Vehicle ID: 1
2025-09-08T20:19:14.208+03:00  INFO 35847 --- [vehiclepark-core] [http-nio-8888-exec-12] r.f.VehiclePark.services.TripService     : === Временной диапазон: null - null
2025-09-08T20:19:20.601+03:00  INFO 35847 --- [vehiclepark-core] [http-nio-8888-exec-14] r.f.VehiclePark.services.TripService     : Поиск поездок для отображения на карте, enterpriseId=1 vehicleId=1, от 2021-08-01T00:00 до 2025-08-21T23:59, TZ=UTC
2025-09-08T20:19:20.602+03:00  INFO 35847 --- [vehiclepark-core] [http-nio-8888-exec-14] r.f.VehiclePark.services.TripService     : === Vehicle ID: 1
2025-09-08T20:19:20.602+03:00  INFO 35847 --- [vehiclepark-core] [http-nio-8888-exec-14] r.f.VehiclePark.services.TripService     : === Временной диапазон: 2021-08-01T00:00 - 2025-08-21T23:59
2025-09-08T20:19:21.353+03:00  INFO 35847 --- [vehiclepark-core] [http-nio-8888-exec-16] r.f.V.services.ManagerDetailsService     : User found: Ivan
2025-09-08T20:19:21.353+03:00  INFO 35847 --- [vehiclepark-core] [http-nio-8888-exec-16] r.f.V.services.ManagerDetailsService     : User roles: MANAGER
2025-09-08T20:19:21.466+03:00  INFO 35847 --- [vehiclepark-core] [http-nio-8888-exec-16] r.f.VehiclePark.security.ManagerDetails  : MANAGER
2025-09-08T20:19:21.639+03:00  INFO 35847 --- [vehiclepark-core] [http-nio-8888-exec-18] r.f.VehiclePark.services.VehicleService  : Поиск машин для менеджера 1 по предприятию 1, стр 1 размер 10
2025-09-08T20:19:21.711+03:00  INFO 35847 --- [vehiclepark-core] [http-nio-8888-exec-19] r.f.VehiclePark.services.VehicleService  : Поиск машин для менеджера 1 по предприятию 1, стр 1 размер 10
2025-09-08T20:19:26.280+03:00  INFO 35847 --- [vehiclepark-core] [http-nio-8888-exec-5] r.f.V.services.ManagerDetailsService     : User found: Ivan
2025-09-08T20:19:26.280+03:00  INFO 35847 --- [vehiclepark-core] [http-nio-8888-exec-5] r.f.V.services.ManagerDetailsService     : User roles: MANAGER
2025-09-08T20:19:26.393+03:00  INFO 35847 --- [vehiclepark-core] [http-nio-8888-exec-5] r.f.VehiclePark.security.ManagerDetails  : MANAGER
2025-09-08T20:19:26.566+03:00  INFO 35847 --- [vehiclepark-core] [http-nio-8888-exec-7] r.f.VehiclePark.services.VehicleService  : Поиск машин для менеджера 1 по предприятию 1, стр 1 размер 10
2025-09-08T20:19:26.643+03:00  INFO 35847 --- [vehiclepark-core] [http-nio-8888-exec-8] r.f.VehiclePark.services.VehicleService  : Поиск машин для менеджера 1 по предприятию 1, стр 1 размер 10
2025-09-08T20:19:28.310+03:00  INFO 35847 --- [vehiclepark-core] [http-nio-8888-exec-11] r.f.VehiclePark.services.VehicleService  : Поиск машин для менеджера 1 по предприятию 1, стр 1 размер 10
2025-09-08T20:19:28.388+03:00  INFO 35847 --- [vehiclepark-core] [http-nio-8888-exec-12] r.f.VehiclePark.services.VehicleService  : Поиск машин для менеджера 1 по предприятию 1, стр 1 размер 10
2025-09-08T20:19:34.353+03:00  INFO 35847 --- [vehiclepark-core] [http-nio-8888-exec-15] r.f.V.services.ManagerDetailsService     : User found: Ivan
2025-09-08T20:19:34.353+03:00  INFO 35847 --- [vehiclepark-core] [http-nio-8888-exec-15] r.f.V.services.ManagerDetailsService     : User roles: MANAGER
2025-09-08T20:19:34.471+03:00  INFO 35847 --- [vehiclepark-core] [http-nio-8888-exec-15] r.f.VehiclePark.security.ManagerDetails  : MANAGER
2025-09-08T20:29:01.562+03:00  INFO 35847 --- [vehiclepark-core] [SpringApplicationShutdownHook] j.LocalContainerEntityManagerFactoryBean : Closing JPA EntityManagerFactory for persistence unit 'default'
2025-09-08T20:29:01.566+03:00  INFO 35847 --- [vehiclepark-core] [SpringApplicationShutdownHook] com.zaxxer.hikari.HikariDataSource       : HikariPool-1 - Shutdown initiated...
2025-09-08T20:29:01.572+03:00  INFO 35847 --- [vehiclepark-core] [SpringApplicationShutdownHook] com.zaxxer.hikari.HikariDataSource       : HikariPool-1 - Shutdown completed.
2025-09-08T21:11:51.197+03:00  INFO 48919 --- [vehiclepark-core] [restartedMain] r.f.VehiclePark.VehicleParkApplication   : Starting VehicleParkApplication using Java 21.0.4 with PID 48919 (/home/fisher48/IdeaProjects/VehiclePark/VehiclePark-core/target/classes started by fisher48 in /home/fisher48/IdeaProjects/VehiclePark)
2025-09-08T21:11:51.200+03:00  INFO 48919 --- [vehiclepark-core] [restartedMain] r.f.VehiclePark.VehicleParkApplication   : No active profile set, falling back to 1 default profile: "default"
2025-09-08T21:11:51.266+03:00  INFO 48919 --- [vehiclepark-core] [restartedMain] o.s.b.devtools.restart.ChangeableUrls    : The Class-Path manifest attribute in /home/fisher48/.m2/repository/org/glassfish/jaxb/jaxb-runtime/2.3.1/jaxb-runtime-2.3.1.jar referenced one or more files that do not exist: file:/home/fisher48/.m2/repository/org/glassfish/jaxb/jaxb-runtime/2.3.1/jaxb-api-2.3.1.jar,file:/home/fisher48/.m2/repository/org/glassfish/jaxb/jaxb-runtime/2.3.1/txw2-2.3.1.jar,file:/home/fisher48/.m2/repository/org/glassfish/jaxb/jaxb-runtime/2.3.1/istack-commons-runtime-3.0.7.jar,file:/home/fisher48/.m2/repository/org/glassfish/jaxb/jaxb-runtime/2.3.1/stax-ex-1.8.jar,file:/home/fisher48/.m2/repository/org/glassfish/jaxb/jaxb-runtime/2.3.1/FastInfoset-1.2.15.jar,file:/home/fisher48/.m2/repository/org/glassfish/jaxb/jaxb-runtime/2.3.1/javax.activation-api-1.2.0.jar
2025-09-08T21:11:51.267+03:00  INFO 48919 --- [vehiclepark-core] [restartedMain] .e.DevToolsPropertyDefaultsPostProcessor : Devtools property defaults active! Set 'spring.devtools.add-properties' to 'false' to disable
2025-09-08T21:11:51.267+03:00  INFO 48919 --- [vehiclepark-core] [restartedMain] .e.DevToolsPropertyDefaultsPostProcessor : For additional web related logging consider setting the 'logging.level.web' property to 'DEBUG'
2025-09-08T21:11:52.734+03:00  INFO 48919 --- [vehiclepark-core] [restartedMain] .s.d.r.c.RepositoryConfigurationDelegate : Bootstrapping Spring Data JPA repositories in DEFAULT mode.
2025-09-08T21:11:52.926+03:00  INFO 48919 --- [vehiclepark-core] [restartedMain] .s.d.r.c.RepositoryConfigurationDelegate : Finished Spring Data repository scanning in 183 ms. Found 8 JPA repository interfaces.
2025-09-08T21:11:54.214+03:00  INFO 48919 --- [vehiclepark-core] [restartedMain] o.s.b.w.embedded.tomcat.TomcatWebServer  : Tomcat initialized with port 8888 (http)
2025-09-08T21:11:54.227+03:00  INFO 48919 --- [vehiclepark-core] [restartedMain] o.apache.catalina.core.StandardService   : Starting service [Tomcat]
2025-09-08T21:11:54.227+03:00  INFO 48919 --- [vehiclepark-core] [restartedMain] o.apache.catalina.core.StandardEngine    : Starting Servlet engine: [Apache Tomcat/10.1.31]
2025-09-08T21:11:54.265+03:00  INFO 48919 --- [vehiclepark-core] [restartedMain] o.a.c.c.C.[Tomcat].[localhost].[/]       : Initializing Spring embedded WebApplicationContext
2025-09-08T21:11:54.265+03:00  INFO 48919 --- [vehiclepark-core] [restartedMain] w.s.c.ServletWebServerApplicationContext : Root WebApplicationContext: initialization completed in 2998 ms
2025-09-08T21:11:54.427+03:00  INFO 48919 --- [vehiclepark-core] [restartedMain] com.zaxxer.hikari.HikariDataSource       : HikariPool-1 - Starting...
2025-09-08T21:11:54.710+03:00  INFO 48919 --- [vehiclepark-core] [restartedMain] com.zaxxer.hikari.pool.HikariPool        : HikariPool-1 - Added connection org.postgresql.jdbc.PgConnection@860b343
2025-09-08T21:11:54.711+03:00  INFO 48919 --- [vehiclepark-core] [restartedMain] com.zaxxer.hikari.HikariDataSource       : HikariPool-1 - Start completed.
2025-09-08T21:11:54.719+03:00  INFO 48919 --- [vehiclepark-core] [restartedMain] o.s.b.a.h2.H2ConsoleAutoConfiguration    : H2 console available at '/h2-console'. Database available at 'jdbc:postgresql://localhost:5432/test_db'
2025-09-08T21:11:54.825+03:00  WARN 48919 --- [vehiclepark-core] [restartedMain] o.a.c.c.C.[Tomcat].[localhost].[/]       : Cannot deserialize session attribute [SPRING_SECURITY_CONTEXT] for session [BEF5EABCD066CBBB9B78786738F5D5AB]
2025-09-08T21:11:54.826+03:00 ERROR 48919 --- [vehiclepark-core] [restartedMain] o.a.catalina.session.StandardManager     : Exception loading sessions from persistent storage

java.io.StreamCorruptedException: invalid type code: 00
	at java.base/java.io.ObjectInputStream.readObject0(ObjectInputStream.java:1793) ~[na:na]
	at java.base/java.io.ObjectInputStream$FieldValues.<init>(ObjectInputStream.java:2618) ~[na:na]
	at java.base/java.io.ObjectInputStream.defaultReadObject(ObjectInputStream.java:678) ~[na:na]
	at java.base/java.lang.Throwable.readObject(Throwable.java:936) ~[na:na]
	at java.base/jdk.internal.reflect.DirectMethodHandleAccessor.invoke(DirectMethodHandleAccessor.java:103) ~[na:na]
	at java.base/java.lang.reflect.Method.invoke(Method.java:580) ~[na:na]
	at java.base/java.io.ObjectStreamClass.invokeReadObject(ObjectStreamClass.java:1102) ~[na:na]
	at java.base/java.io.ObjectInputStream.readSerialData(ObjectInputStream.java:2444) ~[na:na]
	at java.base/java.io.ObjectInputStream.readOrdinaryObject(ObjectInputStream.java:2284) ~[na:na]
	at java.base/java.io.ObjectInputStream.readObject0(ObjectInputStream.java:1762) ~[na:na]
	at java.base/java.io.ObjectInputStream.readObject(ObjectInputStream.java:540) ~[na:na]
	at java.base/java.io.ObjectInputStream.readObject(ObjectInputStream.java:498) ~[na:na]
	at org.apache.catalina.session.StandardSession.doReadObject(StandardSession.java:1131) ~[tomcat-embed-core-10.1.31.jar:10.1.31]
	at org.apache.catalina.session.StandardSession.readObjectData(StandardSession.java:831) ~[tomcat-embed-core-10.1.31.jar:10.1.31]
	at org.apache.catalina.session.StandardManager.doLoad(StandardManager.java:210) ~[tomcat-embed-core-10.1.31.jar:10.1.31]
	at org.apache.catalina.session.StandardManager.load(StandardManager.java:156) ~[tomcat-embed-core-10.1.31.jar:10.1.31]
	at org.apache.catalina.session.StandardManager.startInternal(StandardManager.java:345) ~[tomcat-embed-core-10.1.31.jar:10.1.31]
	at org.apache.catalina.util.LifecycleBase.start(LifecycleBase.java:164) ~[tomcat-embed-core-10.1.31.jar:10.1.31]
	at org.apache.catalina.core.StandardContext.startInternal(StandardContext.java:4439) ~[tomcat-embed-core-10.1.31.jar:10.1.31]
	at org.apache.catalina.util.LifecycleBase.start(LifecycleBase.java:164) ~[tomcat-embed-core-10.1.31.jar:10.1.31]
	at org.apache.catalina.core.ContainerBase$StartChild.call(ContainerBase.java:1203) ~[tomcat-embed-core-10.1.31.jar:10.1.31]
	at org.apache.catalina.core.ContainerBase$StartChild.call(ContainerBase.java:1193) ~[tomcat-embed-core-10.1.31.jar:10.1.31]
	at java.base/java.util.concurrent.FutureTask.run(FutureTask.java:317) ~[na:na]
	at org.apache.tomcat.util.threads.InlineExecutorService.execute(InlineExecutorService.java:75) ~[tomcat-embed-core-10.1.31.jar:10.1.31]
	at java.base/java.util.concurrent.AbstractExecutorService.submit(AbstractExecutorService.java:145) ~[na:na]
	at org.apache.catalina.core.ContainerBase.startInternal(ContainerBase.java:749) ~[tomcat-embed-core-10.1.31.jar:10.1.31]
	at org.apache.catalina.core.StandardHost.startInternal(StandardHost.java:772) ~[tomcat-embed-core-10.1.31.jar:10.1.31]
	at org.apache.catalina.util.LifecycleBase.start(LifecycleBase.java:164) ~[tomcat-embed-core-10.1.31.jar:10.1.31]
	at org.apache.catalina.core.ContainerBase$StartChild.call(ContainerBase.java:1203) ~[tomcat-embed-core-10.1.31.jar:10.1.31]
	at org.apache.catalina.core.ContainerBase$StartChild.call(ContainerBase.java:1193) ~[tomcat-embed-core-10.1.31.jar:10.1.31]
	at java.base/java.util.concurrent.FutureTask.run(FutureTask.java:317) ~[na:na]
	at org.apache.tomcat.util.threads.InlineExecutorService.execute(InlineExecutorService.java:75) ~[tomcat-embed-core-10.1.31.jar:10.1.31]
	at java.base/java.util.concurrent.AbstractExecutorService.submit(AbstractExecutorService.java:145) ~[na:na]
	at org.apache.catalina.core.ContainerBase.startInternal(ContainerBase.java:749) ~[tomcat-embed-core-10.1.31.jar:10.1.31]
	at org.apache.catalina.core.StandardEngine.startInternal(StandardEngine.java:203) ~[tomcat-embed-core-10.1.31.jar:10.1.31]
	at org.apache.catalina.util.LifecycleBase.start(LifecycleBase.java:164) ~[tomcat-embed-core-10.1.31.jar:10.1.31]
	at org.apache.catalina.core.StandardService.startInternal(StandardService.java:415) ~[tomcat-embed-core-10.1.31.jar:10.1.31]
	at org.apache.catalina.util.LifecycleBase.start(LifecycleBase.java:164) ~[tomcat-embed-core-10.1.31.jar:10.1.31]
	at org.apache.catalina.core.StandardServer.startInternal(StandardServer.java:870) ~[tomcat-embed-core-10.1.31.jar:10.1.31]
	at org.apache.catalina.util.LifecycleBase.start(LifecycleBase.java:164) ~[tomcat-embed-core-10.1.31.jar:10.1.31]
	at org.apache.catalina.startup.Tomcat.start(Tomcat.java:437) ~[tomcat-embed-core-10.1.31.jar:10.1.31]
	at org.springframework.boot.web.embedded.tomcat.TomcatWebServer.initialize(TomcatWebServer.java:128) ~[spring-boot-3.3.5.jar:3.3.5]
	at org.springframework.boot.web.embedded.tomcat.TomcatWebServer.<init>(TomcatWebServer.java:107) ~[spring-boot-3.3.5.jar:3.3.5]
	at org.springframework.boot.web.embedded.tomcat.TomcatServletWebServerFactory.getTomcatWebServer(TomcatServletWebServerFactory.java:516) ~[spring-boot-3.3.5.jar:3.3.5]
	at org.springframework.boot.web.embedded.tomcat.TomcatServletWebServerFactory.getWebServer(TomcatServletWebServerFactory.java:222) ~[spring-boot-3.3.5.jar:3.3.5]
	at org.springframework.boot.web.servlet.context.ServletWebServerApplicationContext.createWebServer(ServletWebServerApplicationContext.java:188) ~[spring-boot-3.3.5.jar:3.3.5]
	at org.springframework.boot.web.servlet.context.ServletWebServerApplicationContext.onRefresh(ServletWebServerApplicationContext.java:162) ~[spring-boot-3.3.5.jar:3.3.5]
	at org.springframework.context.support.AbstractApplicationContext.refresh(AbstractApplicationContext.java:619) ~[spring-context-6.1.14.jar:6.1.14]
	at org.springframework.boot.web.servlet.context.ServletWebServerApplicationContext.refresh(ServletWebServerApplicationContext.java:146) ~[spring-boot-3.3.5.jar:3.3.5]
	at org.springframework.boot.SpringApplication.refresh(SpringApplication.java:754) ~[spring-boot-3.3.5.jar:3.3.5]
	at org.springframework.boot.SpringApplication.refreshContext(SpringApplication.java:456) ~[spring-boot-3.3.5.jar:3.3.5]
	at org.springframework.boot.SpringApplication.run(SpringApplication.java:335) ~[spring-boot-3.3.5.jar:3.3.5]
	at ru.fisher.VehiclePark.VehicleParkApplication.main(VehicleParkApplication.java:24) ~[classes/:na]
	at java.base/jdk.internal.reflect.DirectMethodHandleAccessor.invoke(DirectMethodHandleAccessor.java:103) ~[na:na]
	at java.base/java.lang.reflect.Method.invoke(Method.java:580) ~[na:na]
	at org.springframework.boot.devtools.restart.RestartLauncher.run(RestartLauncher.java:50) ~[spring-boot-devtools-3.3.5.jar:3.3.5]

2025-09-08T21:11:54.930+03:00  INFO 48919 --- [vehiclepark-core] [restartedMain] o.hibernate.jpa.internal.util.LogHelper  : HHH000204: Processing PersistenceUnitInfo [name: default]
2025-09-08T21:11:54.983+03:00  INFO 48919 --- [vehiclepark-core] [restartedMain] org.hibernate.Version                    : HHH000412: Hibernate ORM core version 6.6.3.Final
2025-09-08T21:11:54.993+03:00  INFO 48919 --- [vehiclepark-core] [restartedMain] o.h.spatial.integration.SpatialService   : HHH80000001: hibernate-spatial integration enabled : true
2025-09-08T21:11:55.015+03:00  INFO 48919 --- [vehiclepark-core] [restartedMain] o.h.c.internal.RegionFactoryInitiator    : HHH000026: Second-level cache disabled
2025-09-08T21:11:55.136+03:00  INFO 48919 --- [vehiclepark-core] [restartedMain] org.hibernate.orm.connections.pooling    : HHH10001005: Database info:
	Database JDBC URL [Connecting through datasource 'HikariDataSource (HikariPool-1)']
	Database driver: undefined/unknown
	Database version: 16.4
	Autocommit mode: undefined/unknown
	Isolation level: undefined/unknown
	Minimum pool size: undefined/unknown
	Maximum pool size: undefined/unknown
2025-09-08T21:11:55.145+03:00  INFO 48919 --- [vehiclepark-core] [restartedMain] org.hibernate.spatial                    : HHH80000003: hibernate-spatial adding type contributions from : org.hibernate.spatial.dialect.postgis.PostgisDialectContributor
2025-09-08T21:11:55.308+03:00  INFO 48919 --- [vehiclepark-core] [restartedMain] o.s.o.j.p.SpringPersistenceUnitInfo      : No LoadTimeWeaver setup: ignoring JPA class transformer
2025-09-08T21:11:55.323+03:00  INFO 48919 --- [vehiclepark-core] [restartedMain] org.hibernate.spatial                    : HHH80000003: hibernate-spatial adding type contributions from : org.hibernate.spatial.dialect.postgis.PostgisDialectContributor
2025-09-08T21:11:55.621+03:00  WARN 48919 --- [vehiclepark-core] [restartedMain] org.hibernate.mapping.RootClass          : HHH000038: Composite-id class does not override equals(): ru.fisher.VehiclePark.models.DriverVehicle
2025-09-08T21:11:55.621+03:00  WARN 48919 --- [vehiclepark-core] [restartedMain] org.hibernate.mapping.RootClass          : HHH000039: Composite-id class does not override hashCode(): ru.fisher.VehiclePark.models.DriverVehicle
2025-09-08T21:11:55.621+03:00  WARN 48919 --- [vehiclepark-core] [restartedMain] org.hibernate.mapping.RootClass          : HHH000038: Composite-id class does not override equals(): ru.fisher.VehiclePark.models.EnterpriseManager
2025-09-08T21:11:55.621+03:00  WARN 48919 --- [vehiclepark-core] [restartedMain] org.hibernate.mapping.RootClass          : HHH000039: Composite-id class does not override hashCode(): ru.fisher.VehiclePark.models.EnterpriseManager
2025-09-08T21:11:55.632+03:00  INFO 48919 --- [vehiclepark-core] [restartedMain] org.hibernate.spatial                    : HHH80000004: hibernate-spatial adding function contributions from : org.hibernate.spatial.dialect.postgis.PostgisDialectContributor
2025-09-08T21:11:56.262+03:00  INFO 48919 --- [vehiclepark-core] [restartedMain] o.h.e.t.j.p.i.JtaPlatformInitiator       : HHH000489: No JTA platform available (set 'hibernate.transaction.jta.platform' to enable JTA platform integration)
2025-09-08T21:11:56.266+03:00  INFO 48919 --- [vehiclepark-core] [restartedMain] j.LocalContainerEntityManagerFactoryBean : Initialized JPA EntityManagerFactory for persistence unit 'default'
2025-09-08T21:11:56.673+03:00  INFO 48919 --- [vehiclepark-core] [restartedMain] o.s.d.j.r.query.QueryEnhancerFactory     : Hibernate is in classpath; If applicable, HQL parser will be used.
2025-09-08T21:11:58.921+03:00  WARN 48919 --- [vehiclepark-core] [restartedMain] JpaBaseConfiguration$JpaWebConfiguration : spring.jpa.open-in-view is enabled by default. Therefore, database queries may be performed during view rendering. Explicitly configure spring.jpa.open-in-view to disable this warning
2025-09-08T21:11:58.951+03:00  INFO 48919 --- [vehiclepark-core] [restartedMain] r$InitializeUserDetailsManagerConfigurer : Global AuthenticationManager configured with UserDetailsService bean with name managerDetailsService
2025-09-08T21:11:59.293+03:00  INFO 48919 --- [vehiclepark-core] [restartedMain] o.s.b.a.e.web.EndpointLinksResolver      : Exposing 5 endpoints beneath base path '/actuator'
2025-09-08T21:11:59.369+03:00  WARN 48919 --- [vehiclepark-core] [restartedMain] o.s.s.c.a.web.builders.WebSecurity       : You are asking Spring Security to ignore Deferred [Mvc [pattern='/api/managers/*/chat-id'], Ant [pattern='/api/managers/*/chat-id']]. This is not recommended -- please use permitAll via HttpSecurity#authorizeHttpRequests instead.
2025-09-08T21:11:59.467+03:00  INFO 48919 --- [vehiclepark-core] [restartedMain] r.f.V.config.TelegramBotConfig           : ✅ Telegram Bot зарегистрирован
2025-09-08T21:11:59.884+03:00  INFO 48919 --- [vehiclepark-core] [restartedMain] o.s.b.d.a.OptionalLiveReloadServer       : LiveReload server is running on port 35729
2025-09-08T21:11:59.923+03:00  WARN 48919 --- [vehiclepark-core] [restartedMain] org.jline                                : Unable to create a system terminal, creating a dumb terminal (enable debug logging for more information)
2025-09-08T21:12:00.235+03:00  INFO 48919 --- [vehiclepark-core] [restartedMain] o.s.b.w.embedded.tomcat.TomcatWebServer  : Tomcat started on port 8888 (http) with context path '/'
2025-09-08T21:12:00.249+03:00  INFO 48919 --- [vehiclepark-core] [restartedMain] r.f.VehiclePark.VehicleParkApplication   : Started VehicleParkApplication in 9.6 seconds (process running for 10.288)
2025-09-08T21:12:08.843+03:00  INFO 48919 --- [vehiclepark-core] [SpringApplicationShutdownHook] j.LocalContainerEntityManagerFactoryBean : Closing JPA EntityManagerFactory for persistence unit 'default'
2025-09-08T21:12:08.848+03:00  INFO 48919 --- [vehiclepark-core] [SpringApplicationShutdownHook] com.zaxxer.hikari.HikariDataSource       : HikariPool-1 - Shutdown initiated...
2025-09-08T21:12:08.855+03:00  INFO 48919 --- [vehiclepark-core] [SpringApplicationShutdownHook] com.zaxxer.hikari.HikariDataSource       : HikariPool-1 - Shutdown completed.
