1732043484891:generate-data 1 5 5
1732043513704:stacktrace
1732044033152:generate-data
1732044051414:generate-data 1 10 2
1732044058585:stacktrace
1732044261677:generate-data 1 10 2
1732044303820:stacktrace
1732044560359:generate-data 1 10 2
1732044943300:generate-data 1 11 3
1732045010656:generate 1 12 3
1732045021793:generate-data 1 13 4
1732116478378:generate-data 1 50 30
1732361581894:generate-data 3 5000 3000
1732361870563:stacktrace
1732362180240:generate 3 5000 3000
1732362200308:generate-data 3 5000 3000
1732362467624:generate-data 3 3000 1000
1732362795842:generate-data 3 5000 3000
1732443056638:generate-data 1 20 10
1732443323335:generate-data 3 5000 3000
1734552616304:tracks 1 55.7558 37.6173 5
1734552631213:stacktrace
1734553456294:tracks 1 55.7558 37.6173 5
1734553718728:tracks 5 56.7558 38.6173 5
1734553741433:stacktrace
1734558191198:tracks 52.6 39.57 2
1734558250352:tracks 5 52.6 39.57 2
1734558486754:tracks 10 52.58 39.55 1
1734558609185:tracks 11 56.2 33.4 2
1734558653932:tracks 11 52.57 39.55 2
1734558997050:tracks 3 52.603 39.573 1
1734559595446:tracks 8 52.602 39.46 1
1734621612364:tracktrack 4 52.596 39.505 100
1734621621436:track 4 52.596 39.505 100
1734621631553:tracks 4 52.596 39.505 100
1734621940563:tracks 4 52.596127 39.505312 50
1734621957556:stacktrace
1734622085925:tracks 4 52.596 39.505 50
1734622101420:stacktrace
1734622349457:tracks 4 52.596 39.505 50
1734622371168:stacktrace
1734625575466:tracks 4 52.596 39.505 40
1734708306089:tracks 5002 52.61751062625881 39.5535278320312 100
1734708320302:stacktrace
1734708555055:tracks 5001 52.619 39.548 50
1734709119116:tracks 22 52.622 39.542 100
1734709235343:tracks 5022 52.622 39.542 50
1734709253472:tracks 4999 52.622 39.542 100
1734709279261:tracks 3022 52.61 39.50
1734709290166:tracks 3022 52.61 39.50 50
1734709308981:tracks 1022 52.61 39.50 50
1734709317912:tracks 2022 52.61 39.50 50
1734709381178:tracks 4012 51.61 38.50 50
1734709407462:tracks 5012 51.61 38.50 50
1734709414096:tracks 4000 51.61 38.50 50
1734709420133:tracks 4567 51.61 38.50 50
1734709429583:tracks 3988 51.61 38.50 50
1734709436854:tracks 7812 51.61 38.50 50
1734709475353:stacktrace
1734709726469:tracks 5762 52.590017 39.615653 50
1734709748849:tracks 9521 52.590017 39.615653 50
1734709756405:tracks 451 52.590017 39.615653 50
1734710254260:tracks 2500 52.550 39.272 50
1734710390229:tracks 3000 52.550 39.272 50
1734710411742:stacktrace
1734710497663:tracks 3000 52.550 39.272 50
1734710506164:tracks 2999 52.550 39.272 50
1734710513016:tracks 2900 52.550 39.272 50
1734710546156:tracks 2950 52.575 39.210 50
1734710557589:tracks 2949 52.575 39.210 50
1734710562359:tracks 2940 52.575 39.210 50
1734710566987:tracks 2930 52.575 39.210 50
1734710574124:tracks 2940 52.575 39.210 50
1734710579144:tracks 2939 52.575 39.210 50
1734710585004:tracks 2951 52.575 39.210 50
1734710678268:tracks 2950 52.51 39.98 50
1734710719786:tracks 5011 52.617 38.504 50
1734710763101:tracks 5011 52.617 38.504 100
1734717614436:tracks 7892 52.763 38.337 30
1734717633982:tracks 7892 52.763 38.337 40
1734720537812:tracks 6812 52.602 39.573 75
1734720557044:tracks 6812 52.602 39.573 100
1734721825629:tracks 4921 52.605048 39.59771 100
1734721838962:4921 52.605048 39.59771 50
1734721858788:4921 52.605048 39.59771 25
1734721868260:4921 52.605 39.597 50
1734721880720:tracks 4921 52.605048 39.59771 50
1734759465323:generate-track 2936 55.755814 37.617635 10 100
1734759856287:generate-track 8000 55.755814 37.617635 10 100
1734759905982:stacktrace
1734760101166:generate-track 8500 55.755814 37.617635 10 100
1734762047898:tracks 100 52.595123 39.504551 100
1734762062766:stacktrace
1734762387090:tracks 190 52.595123 39.504551 100
1734763240479:tracks 150 52.595123 39.504551 100
1734763415416:tracks 150 52.595123 39.504551 50
1734763420069:tracks 150 52.595123 39.504551 75
1734763424702:tracks 150 52.595123 39.504551 67
1734766220771:tracks 57 52.622 39.568 50
1734767047930:tracks 57 52.573 39.652 58
1734767057572:stacktrace
1734767133865:tracks 57 52.573 39.652 58
1734767144305:tracks 57 52.573 39.652 67
1734767376420:tracks 75 52.657 38.672 45
1734767384841:tracks 75 52.657 38.672 43
1734774668365:tracks 386 52.636 39.505 50
1734774940115:tracks 777 52.598 39.567 25
1734780485253:tracks 222 52.579 39.532 100
1734892283839:generateMultipleTracks 10 10 50 52.602 39.573
1734892335313:stacktrace
1734892515262:tracks 222 52.602329 39.573891 50
1734892554068:racks 222 52.602329 39.573891 100
1734892571714:tracks 222 52.602329 39.573891 100
1734892585459:tracks 222 52.602329 39.573891 90
1734892591155:tracks 222 52.602329 39.573891 67
1734892596575:tracks 222 52.602329 39.573891 29
1734892660375:tracks 5222 52.602329 39.573891 100
1734892673297:tracks 5222 52.602329 39.573891 50
1734892677513:tracks 5222 52.602329 39.573891 20
1734892680626:tracks 5222 52.602329 39.573891 90
1734892686328:tracks 5222 52.602329 39.573891 74
1734892689616:tracks 5222 52.602329 39.573891 69
1734979841991:trips 1,2,3 52.520 13.4050 50
1735150441598:trip 100
1735150464134:trip 100 52.595 39.594 100
1735150475008:trips 100 52.595 39.594 100
1735150487171:100 52.595 39.594 90
1735150493998:trips 100 52.595 39.594 90
1735150504584:trips 100 52.595 39.594 88
1735150508093:trips 100 52.595 39.594 99
1735150514138:trips 100 52.595 39.594 50
1735150594193:tracks 99 52.595 39.594 90
1735150609690:tracks 99 52.595 39.594 89
1735152189160:generate-trip 1 52.595 39.594 86
1735152207633:stacktrace
1735152251351:generate-trip 1 52.595 39.594 77
1735152257050:generate-trip 1 52.595 39.594 56
1735152900083:generate-trip 1 48.755 44.490 50
1735152905113:generate-trip 1 48.755 44.490 55
1735152908851:generate-trip 1 48.755 44.490 66
1735152912385:generate-trip 1 48.755 44.490 43
1735229285730:generate-trip 222 52.551 39.279 100
1735229332235:generate-trip 222 52.551 39.279 99
1735229336251:generate-trip 222 52.551 39.279 98
1735230418710:generate-trip 2567 52.595189 39.533666 67
1735230652858:generate-trip 2567 52.1948 39.7890 70
1735230662862:enerate-trip 2567 52.1948 39.7890 77
1735230679715:generate-trip 2567 52.1948 39.7890 77
1735230687029:generate-trip 2567 52.1948 39.7890 78
1735230689436:generate-trip 2567 52.1948 39.7890 79
1735230692945:generate-trip 2567 52.1948 39.7890 68
1735230695797:generate-trip 2567 52.1948 39.7890 70
1735230699505:generate-trip 2567 52.1948 39.7890 66
1735230707477:generate-trip 2567 52.1948 39.7890 56
1735230717050:generate-trip 2567 52.1948 39.7890 100
1735230725228:stacktrace
1735230746879:generate-trip 2567 52.1948 39.7890 98
1735230761898:generate-trip 2567 52.194 39.789 77
1735230769333:generate-trip 2567 52.194 39.789 45
1735230773807:generate-trip 2567 52.194 39.789 34
1735230777593:generate-trip 2567 52.194 39.789 82
1735230912476:generate-trip 2567 52.395 38.928 80
1735230926647:generate-trip 2567 52.395 38.928 99
1735230937243:generate-trip 2567 52.395 38.928 45
1735231063915:generate-trip 2567 52.395 38.928 99
1735231078274:generate-trip 2567 52.395 38.928 77
1735231262811:generate-trip 2567 52.395 38.928 99
1735231905272:generate-trip 5015 52.591897 39.593772 100
1735231917229:generate-trip 5015 52.591897 39.593772 90
1735231921649:generate-trip 5015 52.591897 39.593772 89
1735231925129:generate-trip 5015 52.591897 39.593772 67
1735408595724:generate-trip 1 52.769018 38.356034 70
1735408629255:generate-trip 1 52.769018 38.356034 100
1735408633042:generate-trip 1 52.769018 38.356034 99
1735408635959:generate-trip 1 52.769018 38.356034 98
1735408639366:generate-trip 1 52.769018 38.356034 97
1735408643344:generate-trip 1 52.769018 38.356034 96
1735418086960:generate-trip 7000 52.604351 39.574241 15
1735418234757:generate-trip 7100 52.604351 39.574241 5
1735418246295:generate-trip 7100 52.604351 39.574241 4
1735479976416:generate-trip 7100 52.607250 39.513710 50
1735502461936:generate-trip 7100 52.578720 39.534715 33
1736161928098:update-trip-mileage
1736162837167:generate-trip 2500 52.602324 39.573870 78
1736162848396:generate-trip 2500 52.602324 39.573870 70
1736162853615:generate-trip 2500 52.602324 39.573870 89
1736162857781:generate-trip 2500 52.602324 39.573870 100
1736162862425:generate-trip 2500 52.602324 39.573870 50
1736163394421:update-trip-mileage
1736694059292:generate-trip 7100 52.598796 39.535675 100
1736695012584:generate-trip 7100 52.396200 38.096123 89
1736695021724:generate-trip 7100 52.396200 38.096123 90
1736695346333:generate-trip 7100 52.608609 38.499382 75
1736695354304:generate-trip 7100 52.608609 38.499382 90
1736695358653:generate-trip 7100 52.608609 38.499382 80
1736698565357:generate-trip 2567 52.763541 38.322759 100
1736698576583:generate-trip 2567 52.763541 38.322759 90
1736698945094:generate-trip 2567 51.735082 39.187417 100
1736698954767:generate-trip 2567 51.735082 39.187417 90
1736700409368:generate-trip 2500 51.735075 39.187417 100
1737132889379:generate-trip 2500 52.587952 39.587506 90
1737485596120:bulk-generate-trips 2 5 50 100 "2022-01-01" "2024-12-31"
1737486514671:bulk-generate-trips 5 5 50 100 "2020-10-10" "2025-01-15"
1737562984397:bulk-generate-trips 5 10 35 100 "2022-05-20" "2025-01-20"
1737563344032:bulk-generate-trips 1000 100 50 100 "2021-01-01" "2025-01-22"
1737563586227:bulk-generate-trips 500 100 50 100 "2021-01-01" "2025-01-22"
1737564181616:bulk-generate-trips 100 25 50 100 "2021-01-01" "2025-01-22"
1737564876345:bulk-generate-trips 500 100 50 100 "2020-01-01" "2025-01-21"
1737565111065:bulk-generate-trips 100 10 50 100 "2020-01-01" "2025-01-22"
1737654879738:bulk-generate-trips 10 3 50 90 "2023-01-02" "2025-01-01"
1737655255108:bulk-generate-trips 10 5 35 100 "2022-01-01" "2025-01-01"
1737655748531:bulk-generate-trips 10 5 40 80 "2021-01-01" "2025-01-01"
1737658212205:bulk-generate-trips 25 10 50 90 "2022-01-01" "2025-01-01"
1737658800724:bulk-generate-trips 10 5 45 87 "2024-01-01" "2025-01-01"
1737659268008:bulk-generate-trips 10 10 50 100 "2023-01-01" "2025-01-01"
1737902968228:generate-trip 13300 52.646377 39.675655 90
1737902977727:generate-trip 13300 52.646377 39.675655 91
1737903286950:generate-trips-with-snap 13300 52.520791 39.472462 90
1737903310929:generate-trips-with-snap 13300 52.520791 39.472462 100
1737903316257:generate-trips-with-snap 13300 52.520791 39.472462 80
1737903322993:generate-trips-with-snap 13300 52.520791 39.472462 67
1737903470227:generate-trips-with-snap 14000 52.578723 39.534659 100
1737903487361:generate-trips-with-snap 14000 52.578723 39.534659 90
1737903795729:generate-trips-with-snap 14000 52.595358 39.504008 50
1737903841793:generate-trips-with-snap 14000 52.595358 39.504008 60
1737903863057:generate-trips-with-snap 14000 52.595358 39.504008 70
1737903888625:generate-trips-with-snap 14000 52.595358 39.504008 80
1737904239787:generate-trip-with-snap 12000
1737904276741:generate-trip-with-snap 12000 52.610449 39.531512 100
1737904833805:generate-trips-with-retries 13999 52.613824 39.537950 100
1737904856191:generate-trips-with-retries 13999 52.613824 39.537950 90
1737905367817:generate-trips-batch 5050 100 52.524633 38.797468 100
1737906077143:generate-trips-batch 10 25 2023-01-01 2025-01-25
1737906930077:generate-trips-batch 500,600,700 10 2022-01-01 2025-01-25
1737906942205:generate-trips-batch 500 600 700 10 2022-01-01 2025-01-25
1737907002220:generate-trips-batch 10 2022-01-01 2025-01-25
1737907023181:generate-trips-batch 500,600,700 10 "2022-01-01" "2025-01-25"
1737907037647:generate-trips-batch 10 "2022-01-01" "2025-01-25"
1737907105491:generate-trips-batch
1737907124892:generate-trips-batch 2021-01-01
1737907149159:generate-trips-batch 1 10 2022-01-01 2025-01-25
1737907161691:stacktrace
1737907435967:generate-trips-batch 10 100 2024-01-01 2025-01-26
1737910928521:generate-trips-batch 10 5 2023-01-01 2025-01-26
1737911148518:generate-trips-batch 5 5 2022-01-01 2024-01-01
1737912015309:generate-trips-for-vehicles 5 10
1737913191168:generate-trips-for-vehicles 15000 52.584695 39.931269 100
1737913201408:generate-trips-for-vehicles 15000 52.584695 39.931269 80
1737913626051:generate-trips-for-vehicles 14999 52.605947 39.445177 100
1737913741359:generate-trip 14999 52.600812 38.477393 100
1737914269115:generate-trip 14999 51.657596 39.185143 50
1737914273968:generate-trip 14999 51.657596 39.185143 49
1737914278214:generate-trip 14999 51.657596 39.185143 48
1737914563093:generate-trips-for-period 14998 51.657596 39.185143 100
1737914678578:generate-trips-for-period 14991 51.657596 39.185143 100
1737914795908:generate-trip 14991 51.657596 39.185143 50
1737914845391:generate-trip 14991 51.684157 39.118195 50
1737914904303:generate-trip 14981 51.684157 39.118195 50
1737914916220:generate-trip 14981 51.684157 39.118195 60
1737914920798:generate-trip 14981 51.684157 39.118195 70
1737914929588:generate-trip 14981 51.684157 39.118195 87
1737914933890:generate-trip 14981 51.684157 39.118195 78
1737914937304:generate-trip 14981 51.684157 39.118195 51
1737914939800:generate-trip 14981 51.684157 39.118195 52
1737915036329:generate-trip 14981 51.726497 39.036977 25
1737915801373:generate-trip
1737915842665:generate-trip 863 51.725785 39.036677 50
1737915845727:generate-trip 863 51.725785 39.036677 55
1737915848205:generate-trip 863 51.725785 39.036677 59
1737917110973:generate-trips-batch 5 5 2023-01-01 2025-01-26
1737917199786:generate-trips-batch 5 5 "2023-01-01" "2025-01-26"
1737917300678:generate-trips-batch 5 3 2024-01-01 2025-01-25
1737917517497:generate-trips-batch 1 2 2024-01-01 2025-01-01
1737919326042:generate-trips-batch 1 1 2025-01-01 2025-01-26
1737920059083:generate-trips-batch 1 1 2024-01-01 2025-01-25
1737920152766:generate-trips-batch 4 5 2024-01-01 2025-01-20
1737920667118:generate-trip 11111 51.713855 39.192288 100
1737994027333:generate-trips-batch 1 1 2023-01-01 2024-01-01
1737995210431:generate-trip 15014 52.602357 39.573902 50
1737995214289:generate-trip 15014 52.602357 39.573902 55
1737995217801:generate-trip 15014 52.602357 39.573902 60
1737995221690:generate-trip 15014 52.602357 39.573902 67
1737995224924:generate-trip 15014 52.602357 39.573902 78
1737997815477:generate-trip 15016 52.602357 39.573902 100
1737998422646:generate-trip 11111 52.609198 39.54914 50
1737999511747:generate-trip 15014 55.778208 49.143283 50
1737999946125:generate-trips-batch 1 1 2020-01-01 2020-03-01
1738001035525:generate-trip 12353 52.590502 39.617166 50
1738001038788:generate-trip 12353 52.590502 39.617166 55
1738001194317:generate-trip 12353 52.645938 39.689540 48
1738001198212:generate-trip 12353 52.645938 39.689540 47
1738001200694:generate-trip 12353 52.645938 39.689540 44
1738001203911:generate-trip 12353 52.645938 39.689540 59
1738001207671:generate-trip 12353 52.645938 39.689540 67
1738001210869:generate-trip 12353 52.645938 39.689540 57
1738001876709:generate-trip 12353 52.617821 39.585262 100
1738001880301:generate-trip 12353 52.617821 39.585262 90
1738001884204:generate-trip 12353 52.617821 39.585262 89
1738001887794:generate-trip 12353 52.617821 39.585262 78
1738001992863:generate-trips-batch 10 25 2023-01-01 2025-01-28
1738002606572:generate-trips-batch 20 30 2023-01-01 2025-01-28
1738002955270:generate-trips-batch 10 10 2023-01-01 2025-01-27
1738003998059:generate-trips-batch 10 10 2023-01-01 2025-01-25
1738004090349:generate-trips-batch 10 10 2022-01-01 2024-10-01
1738004943480:generate-trips-batch 10 5 2023-01-01 2025-01-25
1738005231993:generate-trips-batch 10 30 2023-01-01 2025-01-25
1738007854982:generate-trips-batch 2 5 2020-01-01 2022-01-01
1738008167674:generate-trips-batch 2 2 2022-01-01 2023-01-01
1738009648663:generate-trips-batch 1 2 2020-01-01 2021-01-01
1738010050841:generate-trips-batch 1 2 2022-01-01 2023-01-01
1738010642127:generate-trips-batch 1 2 2020-01-01 2021-01-01
1738079853608:generate-trips-batch 1 1 2021-01-01 2023-01-01
1738080093002:generate-trips-batch 1 1 2021-01-01 2022-01-01
1738080165027:generate-trips-batch 2020-01-01 2021-01-01
1738080179531:generate-trips-batch 1 1 2020-01-01 2021-01-01
1738080237646:nresah 2110 2-
1738080251501:ga-pt1201000geei-ah1001210
1738080274833:generate-trips-batch 1 1 2021-01-01 2022-01-01
1738080509171:generate-trips-batch 1 1 2021-01-01 2023-01-01
1738080511516:generate-trips-batch 1 1 2021-01-01 2022-01-01
1738080553645:String body = "{\\"coordinates\\":[[" + sourceLongitude + "," + sourceLatitude + "]," +
1738080595467:generate-trips-batch 1 1 2020-01-01 2021-02-01
1738087545373:generate-trips-batch 10 5 2023-01-01 2025-01-28
1738088783992:generate-trips-batch 1 1 2020-01-02 2022-01-01
1738089272854:generate-trips-batch 1 1 2020-01-01 2021-01-01
1738090809757:generate-trips-batch 5 5 2022-01-01 2025-01-26
1738255475967:generate-trips-batch 20 10 2022-01-01 2025-01-30
1738512374749:help
1739124550531:generate-trips-batch 1 1 2020-01-01 2025-01-01
1739381069273:generate-trip 1 52.619204 39.548035 100
1739381659569:generate-trips-batch 20 10 2020-01-01 2025-02-12
1739382140995:generate-trips-batch 25 5 2020-01-01 2025-02-12
1739383129174:generate-trips-batch 50 5 2020-01-01 2025-02-12
1741711379687:generate-trip 2 52.604608 39.593455 50
1744490280598:generate-trip 9999 52.596557 39.504089 500
1745250507877:-help
1745250511703:/help
1745250513334:help
1745253556602:generate-trips-batch 100 10 2022-01-01 2025-05-01
1746289429631:generate-trip 1 39.504 52.595 100
1746289450522:generate-trip 1 39.504 52.595 90
1746289458253:generate-trip 1 39.504 52.595 102
1746289463076:generate-trip 1 39.504 52.595 80
1746289474339:generate-trip 1 52.595 39.504 100
1746796844581:generate-trips-batch 5 5
1746797020506:generate-trip 1 39.547881 52.619609 100
1746797066363:generate-trip 1 39.547881 52.619609 99
1746797070864:generate-trip 1 39.547881 52.619609 98
1746797075759:generate-trip 1 39.547881 52.619609 97
1746797090984:generate-trip 1 52.619609 39.547881 100
1746797559716:generate-trips-batch 5 5 2020-01-01 2025-05-05
1746797956182:generate-trips-batch 1 2 2022-01-01 2025-05-06
1750104080644:generate-trips-batch 5 5 2021 2025
1750104097720:generate-trips-batch 5 5 2021-01-01 2025-06-06
1750269908052:generate-trips-reactive 5 5 2021-01-01 2025-06-06
1750270020070:generate-trips-reactive
1750270028780:generate-trips-reactive 1 1 2020-01-01
1750270656212:enerate-trips-reactive 1 1 2025-01-01 2025-06-06
1750270687751:generate-trips-reactive 1 1 2025-01-01 2025-06-06
1750270959078:generate-trips-reactive 1 1 2021-01-01 2025-06-06
1750272901720:generate-trips-reactive 1 1 2025-01-01 2025-06-06
1750273006773:generate-trips-reactive 5 5 2025-01-01 2025-06-06
1750273254306:generate-trips-reactive 10 10 2024-01-01 2025-18-06
1750273301411:generate-trips-reactive 10 10 2024-01-01 2025-06-18
1750273334677:generate-trips-reactive 3 10 2025-01-01 2025-06-06
1750349970506:generate-trips-reactive 100 5 2020-01-01 2025-06-06
1750350439842:generate-trips-batch 25 5 2020-01-01 2025-06-06
1750350814265:generate-trips-reactive 25 5 2020-01-01 2025-06-06
1750351303847:generate-trips-reactive 3 3 2020-01-01 2025-06-07
1750351754832:generate-trips-reactive 3 3 2020-01-01 2025-07-07
1751699218424:generate-trips-batch 500 5 2020-01-01 2025-07-05
1751782645292:generate-trips-batch 5 200 2020-01-01 2025-07-07
1751782747466:generate-trips-batch 200 5 2020-01-01 2025-07-07
